Log file open, 01/22/19 10:48:03
LogWindows: Failed to load 'aqProf.dll' (GetLastError=126)
LogWindows: File 'aqProf.dll' does not exist
LogWindows: Failed to load 'VSPerf140.dll' (GetLastError=126)
LogWindows: File 'VSPerf140.dll' does not exist
LogWindows: Failed to load 'VtuneApi.dll' (GetLastError=126)
LogWindows: File 'VtuneApi.dll' does not exist
LogWindows: Failed to load 'VtuneApi32e.dll' (GetLastError=126)
LogWindows: File 'VtuneApi32e.dll' does not exist
LogInit: Display: Running engine for game: Sofas_pack
LogPlatformFile: Not using cached read wrapper
LogInit: Display: RandInit(1234843723) SRandInit(1234843723).
LogTaskGraph: Started task graph with 5 named threads and 14 total threads with 3 sets of task threads.
LogStats: Stats thread started at 0.168938
LogD3D11RHI: Aftermath initialized
LogPluginManager: Mounting plugin Paper2D
LogPluginManager: Mounting plugin LightPropagationVolume
LogPluginManager: Mounting plugin CodeLiteSourceCodeAccess
LogPluginManager: Mounting plugin GitSourceControl
LogPluginManager: Mounting plugin KDevelopSourceCodeAccess
LogPluginManager: Mounting plugin NullSourceCodeAccess
LogPluginManager: Mounting plugin PerforceSourceControl
LogPluginManager: Mounting plugin SubversionSourceControl
LogPluginManager: Mounting plugin UObjectPlugin
LogPluginManager: Mounting plugin VisualStudioSourceCodeAccess
LogPluginManager: Mounting plugin XCodeSourceCodeAccess
LogPluginManager: Mounting plugin AssetManagerEditor
LogPluginManager: Mounting plugin AudioCapture
LogPluginManager: Mounting plugin FacialAnimation
LogPluginManager: Mounting plugin GameplayTagsEditor
LogPluginManager: Mounting plugin MobileLauncherProfileWizard
LogPluginManager: Mounting plugin PluginBrowser
LogPluginManager: Mounting plugin SpeedTreeImporter
LogPluginManager: Mounting plugin AlembicImporter
LogPluginManager: Mounting plugin CharacterAI
LogPluginManager: Mounting plugin HTML5Networking
LogPluginManager: Mounting plugin AndroidMedia
LogPluginManager: Mounting plugin AvfMedia
LogPluginManager: Mounting plugin MediaPlayerEditor
LogPluginManager: Mounting plugin WmfMedia
LogPluginManager: Mounting plugin TcpMessaging
LogPluginManager: Mounting plugin UdpMessaging
LogPluginManager: Mounting plugin LevelSequenceEditor
LogPluginManager: Mounting plugin MatineeToLevelSequence
LogPluginManager: Mounting plugin OnlineSubsystemGooglePlay
LogPluginManager: Mounting plugin OnlineSubsystemIOS
LogPluginManager: Mounting plugin OnlineSubsystem
LogPluginManager: Mounting plugin OnlineSubsystemNull
LogPluginManager: Mounting plugin OnlineSubsystemUtils
LogPluginManager: Mounting plugin AndroidDeviceProfileSelector
LogPluginManager: Mounting plugin AndroidMoviePlayer
LogPluginManager: Mounting plugin AndroidPermission
LogPluginManager: Mounting plugin AppleMoviePlayer
LogPluginManager: Mounting plugin ArchVisCharacter
LogPluginManager: Mounting plugin CableComponent
LogPluginManager: Mounting plugin CustomMeshComponent
LogPluginManager: Mounting plugin ExampleDeviceProfileSelector
LogPluginManager: Mounting plugin GoogleCloudMessaging
LogPluginManager: Mounting plugin ImmediatePhysics
LogPluginManager: Mounting plugin IOSDeviceProfileSelector
LogPluginManager: Mounting plugin LinuxDeviceProfileSelector
LogPluginManager: Mounting plugin LocationServicesBPLibrary
LogPluginManager: Mounting plugin MobilePatchingUtils
LogPluginManager: Mounting plugin OculusVR
LogPluginManager: Mounting plugin PhysXVehicles
LogPluginManager: Mounting plugin ProceduralMeshComponent
LogPluginManager: Mounting plugin RuntimePhysXCooking
LogPluginManager: Mounting plugin SteamVR
LogPluginManager: Mounting plugin WindowsMoviePlayer
LogInit: Using libcurl 7.47.1
LogInit:  - built for x86_64-pc-win32
LogInit:  - supports SSL with OpenSSL/1.0.2g
LogInit:  - supports HTTP deflate (compression) using libz 1.2.8
LogInit:  - other features:
LogInit:      CURL_VERSION_SSL
LogInit:      CURL_VERSION_LIBZ
LogInit:      CURL_VERSION_IPV6
LogInit:      CURL_VERSION_ASYNCHDNS
LogInit:      CURL_VERSION_LARGEFILE
LogInit:      CURL_VERSION_IDN
LogInit:  CurlRequestOptions (configurable via config and command line):
LogInit:  - bVerifyPeer = false  - Libcurl will NOT verify peer certificate
LogInit:  - bUseHttpProxy = false  - Libcurl will NOT use HTTP proxy
LogInit:  - bDontReuseConnections = false  - Libcurl will reuse connections
LogInit:  - CertBundlePath = nullptr  - Libcurl will use whatever was configured at build time.
LogInit: Build: ++UE4+Release-4.17-CL-3658906
LogInit: Engine Version: 4.17.2-3658906+++UE4+Release-4.17
LogInit: Compatible Engine Version: 4.17.0-3573198+++UE4+Release-4.17
LogInit: Net CL: 3573198
LogDevObjectVersion: Number of dev versions registered: 16
LogDevObjectVersion:   Dev-Blueprints (B0D832E4-1F89-4F0D-ACCF-7EB736FD4AA2): 10
LogDevObjectVersion:   Dev-Build (E1C64328-A22C-4D53-A36C-8E866417BD8C): 0
LogDevObjectVersion:   Dev-Core (375EC13C-06E4-48FB-B500-84F0262A717E): 2
LogDevObjectVersion:   Dev-Editor (E4B068ED-F494-42E9-A231-DA0B2E46BB41): 20
LogDevObjectVersion:   Dev-Framework (CFFC743F-43B0-4480-9391-14DF171D2073): 28
LogDevObjectVersion:   Dev-Mobile (B02B49B5-BB20-44E9-A304-32B752E40360): 0
LogDevObjectVersion:   Dev-Networking (A4E4105C-59A1-49B5-A7C5-40C4547EDFEE): 0
LogDevObjectVersion:   Dev-Online (39C831C9-5AE6-47DC-9A44-9C173E1C8E7C): 0
LogDevObjectVersion:   Dev-Physics (78F01B33-EBEA-4F98-B9B4-84EACCB95AA2): 0
LogDevObjectVersion:   Dev-Platform (6631380F-2D4D-43E0-8009-CF276956A95A): 0
LogDevObjectVersion:   Dev-Rendering (12F88B9F-8875-4AFC-A67C-D90C383ABD29): 19
LogDevObjectVersion:   Dev-Sequencer (7B5AE74C-D270-4C10-A958-57980B212A5A): 4
LogDevObjectVersion:   Dev-VR (D7296918-1DD6-4BDD-9DE2-64A83CC13884): 0
LogDevObjectVersion:   Dev-LoadTimes (C2A15278-BFE7-4AFE-6C17-90FF531DF755): 1
LogDevObjectVersion:   Private-Geometry (6EACA3D4-40EC-4CC1-B786-8BED09428FC5): 1
LogDevObjectVersion:   Dev-AnimPhys (29E575DD-E0A3-4627-9D10-D276232CDCEA): 7
LogInit: Compiled (64-bit): Sep 22 2017 13:47:16
LogInit: Compiled with Visual C++: 19.00.24215.01
LogInit: Build Configuration: Development
LogInit: Branch Name: ++UE4+Release-4.17
LogInit: Command line:  
LogInit: Base directory: D:/Program Files/UE_4.17/Engine/Binaries/Win64/
LogInit: Installed Engine Build: 1
LogInit: Presizing for max 8388607 objects, including 0 objects not considered by GC, pre-allocating 0 bytes for permanent pool.
LogInit: Object subsystem initialized
[2019.01.22-08.48.04:380][  0]LogInit: Selected Device Profile: [Windows]
[2019.01.22-08.48.04:380][  0]LogInit: Applying CVar settings loaded from the selected device profile: [Windows]
[2019.01.22-08.48.04:530][  0]LogInit: Computer: EVGENIYPC
[2019.01.22-08.48.04:530][  0]LogInit: User: EvgeniyNuts
[2019.01.22-08.48.04:530][  0]LogInit: CPU Page size=4096, Cores=4
[2019.01.22-08.48.04:530][  0]LogInit: High frequency timer resolution =3.234373 MHz
[2019.01.22-08.48.04:540][  0]LogMemory: Memory total: Physical=32.0GB (32GB approx)
[2019.01.22-08.48.04:540][  0]LogMemory: Platform Memory Stats for Windows
[2019.01.22-08.48.04:540][  0]LogMemory: Process Physical Memory: 277.14 MB used, 277.14 MB peak
[2019.01.22-08.48.04:540][  0]LogMemory: Process Virtual Memory: 273.95 MB used, 273.95 MB peak
[2019.01.22-08.48.04:540][  0]LogMemory: Physical Memory: 11612.15 MB used,  21108.41 MB free, 32720.57 MB total
[2019.01.22-08.48.04:540][  0]LogMemory: Virtual Memory: 4799.28 MB used,  21108.41 MB free, 134217728.00 MB total
[2019.01.22-08.48.05:178][  0]LogInit: Using OS detected language (ru-RU).
[2019.01.22-08.48.05:178][  0]LogInit: Using OS detected locale (ru-RU).
[2019.01.22-08.48.05:334][  0]LogTextLocalizationManager: No localization for 'ru-RU' exists, so 'en' will be used for the language.
[2019.01.22-08.48.05:334][  0]LogTextLocalizationManager: No localization for 'ru-RU' exists, so 'en' will be used for the locale.
[2019.01.22-08.48.07:769][  0]LogD3D11RHI: D3D11 adapters:
[2019.01.22-08.48.07:826][  0]LogD3D11RHI:    0. 'NVIDIA GeForce GTX 970' (Feature Level 11_0)
[2019.01.22-08.48.07:826][  0]LogD3D11RHI:       4043/0/16360 MB DedicatedVideo/DedicatedSystem/SharedSystem, Outputs:2, VendorId:0x10de
[2019.01.22-08.48.07:828][  0]LogD3D11RHI:    1. 'Microsoft Basic Render Driver' (Feature Level 11_0)
[2019.01.22-08.48.07:828][  0]LogD3D11RHI:       0/0/16360 MB DedicatedVideo/DedicatedSystem/SharedSystem, Outputs:0, VendorId:0x1414
[2019.01.22-08.48.07:828][  0]LogD3D11RHI: Chosen D3D11 Adapter: 0
[2019.01.22-08.48.07:843][  0]LogD3D11RHI: Creating new Direct3DDevice
[2019.01.22-08.48.07:843][  0]LogD3D11RHI:     GPU DeviceId: 0x13c2 (for the marketing name, search the web for "GPU Device Id")
[2019.01.22-08.48.07:843][  0]LogWindows: EnumDisplayDevices:
[2019.01.22-08.48.07:843][  0]LogWindows:    0. 'NVIDIA GeForce GTX 970' (P:0 D:1)
[2019.01.22-08.48.07:843][  0]LogWindows:    1. 'NVIDIA GeForce GTX 970' (P:1 D:1)
[2019.01.22-08.48.07:843][  0]LogWindows:    2. 'NVIDIA GeForce GTX 970' (P:0 D:0)
[2019.01.22-08.48.07:843][  0]LogWindows:    3. 'NVIDIA GeForce GTX 970' (P:0 D:0)
[2019.01.22-08.48.07:843][  0]LogWindows: DebugString: GetVideoDriverDetailsInvalid PrimaryIsNotTheChoosenAdapter GetVideoDriverDetailsInvalid PrimaryIsNotTheChoosenAdapter GetVideoDriverDetailsInvalid PrimaryIsNotTheChoosenAdapter GetVideoDriverDetailsInvalid PrimaryIsNotTheChoosenAdapter FoundDriverCount:0 
[2019.01.22-08.48.07:843][  0]LogD3D11RHI:     Adapter Name: NVIDIA GeForce GTX 970
[2019.01.22-08.48.07:844][  0]LogD3D11RHI:   Driver Version: Unknown (internal:Unknown, unified:Unknown)
[2019.01.22-08.48.07:844][  0]LogD3D11RHI:      Driver Date: Unknown
[2019.01.22-08.48.07:844][  0]LogRHI: Texture pool is 1361 MB (70% of 1945 MB)
[2019.01.22-08.48.07:889][  0]LogD3D11RHI: Async texture creation enabled
[2019.01.22-08.48.08:255][  0]LogD3D11RHI: GPU Timing Frequency: 1000.000000 (Debug: 2 2)
[2019.01.22-08.48.08:305][  0]LogShaderCompilers: Guid format shader working directory is -2 characters bigger than the processId version (../../../../../PROJECT/MarketPlace/Sofas/Sofas-for-MP/Intermediate/Shaders/WorkingDirectory/14884/).
[2019.01.22-08.48.08:305][  0]LogShaderCompilers: Cleaned the shader compiler working directory 'C:/Users/EvgeniyNuts/AppData/Local/Temp/UnrealShaderWorkingDir/00DA98C84C159E0A32BB6CA67818E12A/'.
[2019.01.22-08.48.08:318][  0]LogShaderCompilers: Display: Using Local Shader Compiler.
[2019.01.22-08.48.10:312][  0]LogTemp: Display: Loaded TP AllDesktopTargetPlatform
[2019.01.22-08.48.10:355][  0]LogTemp: Display: Loaded TP MacClientTargetPlatform
[2019.01.22-08.48.10:397][  0]LogTemp: Display: Loaded TP MacNoEditorTargetPlatform
[2019.01.22-08.48.10:438][  0]LogTemp: Display: Loaded TP MacServerTargetPlatform
[2019.01.22-08.48.10:509][  0]LogTemp: Display: Loaded TP MacTargetPlatform
[2019.01.22-08.48.10:551][  0]LogTemp: Display: Loaded TP WindowsClientTargetPlatform
[2019.01.22-08.48.10:593][  0]LogTemp: Display: Loaded TP WindowsNoEditorTargetPlatform
[2019.01.22-08.48.10:636][  0]LogTemp: Display: Loaded TP WindowsServerTargetPlatform
[2019.01.22-08.48.10:673][  0]LogTemp: Display: Loaded TP WindowsTargetPlatform
[2019.01.22-08.48.10:721][  0]LogTemp: Display: Loaded TP AndroidTargetPlatform
[2019.01.22-08.48.10:762][  0]LogTemp: Display: Loaded TP Android_ASTCTargetPlatform
[2019.01.22-08.48.10:803][  0]LogTemp: Display: Loaded TP Android_ATCTargetPlatform
[2019.01.22-08.48.10:844][  0]LogTemp: Display: Loaded TP Android_DXTTargetPlatform
[2019.01.22-08.48.10:885][  0]LogTemp: Display: Loaded TP Android_ETC1TargetPlatform
[2019.01.22-08.48.10:926][  0]LogTemp: Display: Loaded TP Android_ETC2TargetPlatform
[2019.01.22-08.48.11:013][  0]LogTemp: Display: Loaded TP Android_MultiTargetPlatform
[2019.01.22-08.48.11:013][  0]LogTemp: Display: Loaded TP Android_PVRTCTargetPlatform
[2019.01.22-08.48.11:045][  0]LogTemp: Display: Loaded TP HTML5TargetPlatform
[2019.01.22-08.48.11:190][  0]LogTemp: Display: Loaded TP IOSTargetPlatform
[2019.01.22-08.48.11:215][  0]LogTemp: Display: Loaded TP TVOSTargetPlatform
[2019.01.22-08.48.11:257][  0]LogTemp: Display: Loaded TP LinuxClientTargetPlatform
[2019.01.22-08.48.11:298][  0]LogTemp: Display: Loaded TP LinuxNoEditorTargetPlatform
[2019.01.22-08.48.11:339][  0]LogTemp: Display: Loaded TP LinuxServerTargetPlatform
[2019.01.22-08.48.11:394][  0]LogTemp: Display: Loaded TP LinuxTargetPlatform
[2019.01.22-08.48.11:394][  0]LogTargetPlatformManager: Display: Building Assets For Windows
[2019.01.22-08.48.12:489][  0]LogDerivedDataCache: Display: Max Cache Size: 512 MB
[2019.01.22-08.48.12:922][  0]LogDerivedDataCache: Loaded boot cache 0.43s 114MB C:/Users/EvgeniyNuts/AppData/Local/UnrealEngine/4.17/DerivedDataCache/Boot.ddc.
[2019.01.22-08.48.12:922][  0]LogDerivedDataCache: Display: Loaded Boot cache: C:/Users/EvgeniyNuts/AppData/Local/UnrealEngine/4.17/DerivedDataCache/Boot.ddc
[2019.01.22-08.48.12:922][  0]LogDerivedDataCache: FDerivedDataBackendGraph:  Pak pak cache file ../../../../../PROJECT/MarketPlace/Sofas/Sofas-for-MP/DerivedDataCache/DDC.ddp not found, will not use a pak cache.
[2019.01.22-08.48.12:922][  0]LogDerivedDataCache: Unable to find inner node Pak for hierarchical cache Hierarchy.
[2019.01.22-08.48.12:922][  0]LogDerivedDataCache: FDerivedDataBackendGraph:  CompressedPak pak cache file ../../../../../PROJECT/MarketPlace/Sofas/Sofas-for-MP/DerivedDataCache/Compressed.ddp not found, will not use a pak cache.
[2019.01.22-08.48.12:922][  0]LogDerivedDataCache: Unable to find inner node CompressedPak for hierarchical cache Hierarchy.
[2019.01.22-08.48.12:992][  0]LogDerivedDataCache: Display: Pak cache opened for reading ../../../Engine/DerivedDataCache/Compressed.ddp.
[2019.01.22-08.48.13:005][  0]LogDerivedDataCache: Using Local data cache path C:/Users/EvgeniyNuts/AppData/Local/UnrealEngine/Common/DerivedDataCache: Writable
[2019.01.22-08.48.13:052][  0]LogMaterial: Verifying Global Shaders for PCD3D_SM5
[2019.01.22-08.48.13:109][  0]LogSlate: Using Freetype 2.6.0
[2019.01.22-08.48.13:158][  0]LogSlate: SlateFontCache - WITH_FREETYPE: 1, WITH_HARFBUZZ: 1
[2019.01.22-08.48.13:171][  0]LogSlate: SlateFontCache - WITH_FREETYPE: 1, WITH_HARFBUZZ: 1
[2019.01.22-08.48.20:358][  0]LogAssetRegistry: FAssetRegistry took 0.0449 seconds to start up
[2019.01.22-08.48.22:580][  0]LogInit: Selected Device Profile: [Windows]
[2019.01.22-08.48.25:793][  0]LogContentStreaming: Texture pool size is 0.00 MB
[2019.01.22-08.48.26:567][  0]LogSimplygon: Simplygon DLL not present - disabling.
[2019.01.22-08.48.26:671][  0]LogMeshReduction: Using SimplygonSwarm for distributed automatic mesh merging
[2019.01.22-08.48.26:671][  0]LogMeshReduction: Using QuadricMeshReduction for automatic static mesh reduction
[2019.01.22-08.48.26:672][  0]LogMeshReduction: No automatic skeletal mesh reduction module available
[2019.01.22-08.48.26:672][  0]LogMeshReduction: No automatic mesh merging module available
[2019.01.22-08.48.26:672][  0]LogMeshMerging: No automatic mesh merging module available
[2019.01.22-08.48.29:655][  0]LogNetVersion: Sofas_pack , NetCL: 3573198, EngineNetVer: 2, GameNetVer: 0 (Checksum: 629342691)
[2019.01.22-08.48.31:207][  0]LogPackageLocalizationCache: Processed 5 localized package path(s) for 1 prioritized culture(s) in 0.129366 seconds
[2019.01.22-08.48.31:230][  0]LogUObjectArray: 35825 objects as part of root set at end of initial load.
[2019.01.22-08.48.31:230][  0]LogUObjectAllocator: 7529104 out of 0 bytes used by permanent object pool.
[2019.01.22-08.48.31:230][  0]LogUObjectArray: CloseDisregardForGC: 0/0 objects in disregard for GC pool
[2019.01.22-08.48.31:361][  0]LogInit: WinSock: version 1.1 (2.2), MaxSocks=32767, MaxUdp=65467
[2019.01.22-08.49.01:680][  0]LogTcpMessaging: Initializing TcpMessaging bridge
[2019.01.22-08.49.01:724][  0]LogUdpMessaging: Initializing bridge on interface 0.0.0.0:0 to multicast group 230.0.0.1:6666.
[2019.01.22-08.49.03:414][  0]LogMaterial: Uniform references updated for custom material expression Custom.
[2019.01.22-08.49.04:263][  0]SourceControl: Source control is disabled
[2019.01.22-08.49.04:263][  0]SourceControl: Source control is disabled
[2019.01.22-08.49.04:352][  0]SourceControl: Source control is disabled
[2019.01.22-08.49.04:422][  0]SourceControl: Source control is disabled
[2019.01.22-08.49.05:468][  0]LogAndroidPermission: UAndroidPermissionCallbackProxy::GetInstance
[2019.01.22-08.49.05:763][  0]LogOcInput: OculusInput pre-init called
[2019.01.22-08.49.06:439][  0]LogEngine: Initializing Engine...
[2019.01.22-08.49.06:494][  0]LogHMD: Failed to initialize OpenVR with code 110
[2019.01.22-08.49.07:347][  0]LogStats: UGameplayTagsManager::ConstructGameplayTagTree: Construct from data asset -  0.000 s
[2019.01.22-08.49.07:347][  0]LogStats: UGameplayTagsManager::ConstructGameplayTagTree: GameplayTagTreeChangedEvent.Broadcast -  0.000 s
[2019.01.22-08.49.07:779][  0]LogAIModule: Creating AISystem for world Untitled
[2019.01.22-08.49.07:835][  0]LogInit: XAudio2 using 'Realtek HD Audio 2nd output (Realtek High Definition Audio)' : 2 channels at 48 kHz using 32 bits per sample (channel mask 0x3)
[2019.01.22-08.49.07:857][  0]LogInit: FAudioDevice initialized.
[2019.01.22-08.49.07:961][  0]LogDerivedDataCache: Saved boot cache 0.10s 114MB C:/Users/EvgeniyNuts/AppData/Local/UnrealEngine/4.17/DerivedDataCache/Boot.ddc.
[2019.01.22-08.49.07:993][  0]LogInit: Texture streaming: Enabled
[2019.01.22-08.49.08:185][  0]LogEngineSessionManager: EngineSessionManager initialized
[2019.01.22-08.49.08:676][  0]LogInit: Transaction tracking system initialized
[2019.01.22-08.49.09:222][  0]BlueprintLog: New page: Editor Load
[2019.01.22-08.49.10:833][  0]LocalizationService: Localization service is disabled
[2019.01.22-08.49.12:094][  0]LogConsoleResponse: Display: 
[2019.01.22-08.49.13:701][  0]LogFileCache: Scanning file cache for directory 'D:/PROJECT/MarketPlace/Sofas/Sofas-for-MP/Content/' took 0.04s
[2019.01.22-08.49.13:701][  0]LogCook: Display: Max memory allowance for cook 16384mb min free memory 0mb
[2019.01.22-08.49.13:701][  0]LogCook: Display: Mobile HDR setting 1
[2019.01.22-08.49.13:726][  0]LogGameplayTags: Display: UGameplayTagsManager::DoneAddingNativeTags. DelegateIsBound: 0
[2019.01.22-08.49.15:990][  0]SourceControl: Source control is disabled
[2019.01.22-08.49.16:026][  0]Cmd: MAP LOAD FILE="../../../../../PROJECT/MarketPlace/Sofas/Sofas-for-MP/Content/Sofas_pack/Maps/Studio.umap" TEMPLATE=0 SHOWPROGRESS=1 FEATURELEVEL=3
[2019.01.22-08.49.16:030][  0]LightingResults: New page: Lighting Build
[2019.01.22-08.49.16:141][  0]MapCheck: New page: Map Check
[2019.01.22-08.49.16:141][  0]LightingResults: New page: Lighting Build
[2019.01.22-08.49.25:703][  0]LogAIModule: Creating AISystem for world Studio
[2019.01.22-08.49.26:084][  0]LogEditorServer: Finished looking for orphan Actors (0.000 secs)
[2019.01.22-08.49.26:143][  0]Cmd: MAP CHECKDEP NOCLEARLOG
[2019.01.22-08.49.26:197][  0]MapCheck: Map check complete: 0 Error(s), 0 Warning(s), took 54.133ms to complete.
[2019.01.22-08.49.26:197][  0]LogFileHelpers: Loading map 'Studio' took 10.184
[2019.01.22-08.49.27:594][  0]LogCollectionManager: Loaded 0 collections in 0.001077 seconds
[2019.01.22-08.49.27:754][  0]LogFileCache: Scanning file cache for directory 'D:/PROJECT/MarketPlace/Sofas/Sofas-for-MP/Saved/Collections/' took 0.01s
[2019.01.22-08.49.27:754][  0]LogFileCache: Scanning file cache for directory 'D:/PROJECT/MarketPlace/Sofas/Sofas-for-MP/Content/Developers/EvgeniyNuts/Collections/' took 0.01s
[2019.01.22-08.49.27:754][  0]LogFileCache: Scanning file cache for directory 'D:/PROJECT/MarketPlace/Sofas/Sofas-for-MP/Content/Collections/' took 0.01s
[2019.01.22-08.49.27:754][  0]LogCollectionManager: Rebuilt the GUID cache for 0 collections in 0.000000 seconds
[2019.01.22-08.49.27:764][  0]LogContentBrowser: Native class hierarchy populated in 0.0079 seconds. Added 2386 classes and 500 folders.
[2019.01.22-08.49.27:871][  0]LogContentBrowser: Native class hierarchy updated for 'WidgetCarousel' in 0.0008 seconds. Added 0 classes and 0 folders.
[2019.01.22-08.49.28:871][  0]LogContentBrowser: Native class hierarchy updated for 'AddContentDialog' in 0.0005 seconds. Added 0 classes and 0 folders.
[2019.01.22-08.49.28:964][  0]LogContentBrowser: Native class hierarchy updated for 'SceneOutliner' in 0.0005 seconds. Added 1 classes and 2 folders.
[2019.01.22-08.49.29:705][  0]LogSlate: Took 0.013856 seconds to synchronously load lazily loaded font '../../../Engine/Content/Slate/Fonts/Roboto-Regular.ttf' (155K)
[2019.01.22-08.49.29:752][  0]LogSlate: Took 0.015655 seconds to synchronously load lazily loaded font '../../../Engine/Content/Slate/Fonts/Roboto-Bold.ttf' (160K)
[2019.01.22-08.49.29:787][  0]LogSlate: Took 0.015159 seconds to synchronously load lazily loaded font '../../../Engine/Content/Editor/Slate/Fonts/FontAwesome.ttf' (139K)
[2019.01.22-08.49.30:121][  0]LogRenderer: Reallocating scene render targets to support 1412x760 Format 10 NumSamples 1 (Frame:1).
[2019.01.22-08.49.30:757][  0]LogContentBrowser: Native class hierarchy updated for 'HierarchicalLODOutliner' in 0.0006 seconds. Added 1 classes and 2 folders.
[2019.01.22-08.49.30:757][  0]LogLoad: (Engine Initialization) Total time: 88.71 seconds
[2019.01.22-08.49.30:757][  0]LogLoad: (Engine Initialization) Total Blueprint compile time: 0.00 seconds
[2019.01.22-08.49.30:777][  0]LogExternalProfiler: No external profilers were discovered.  External profiling features will not be available.
[2019.01.22-08.49.30:865][  0]LogContentStreaming: Texture pool size now 1000 MB
[2019.01.22-08.49.31:052][  0]LogSlate: Took 0.013397 seconds to synchronously load lazily loaded font '../../../Engine/Content/Slate/Fonts/Roboto-Light.ttf' (159K)
[2019.01.22-08.49.31:167][  1]LogAssetRegistry: Asset discovery search completed in 70.8477 seconds
[2019.01.22-08.49.31:169][  1]LogCollectionManager: Rebuilt the object cache for 0 collections in 0.000000 seconds (found 0 objects)
[2019.01.22-08.49.31:169][  1]LogCollectionManager: Fixed up redirectors for 0 collections in 0.000043 seconds (updated 0 objects)
[2019.01.22-09.44.11:157][714]LogEditorViewport: Clicking on Actor (LMB): StaticMeshActor (SM_Sofa_n_type2)
[2019.01.22-09.44.13:098][896]LogEditorViewport: Clicking on Actor (LMB): StaticMeshActor (SM_Sofa_n_type1)
[2019.01.22-09.44.14:416][ 16]LogSlate: Took 0.012074 seconds to synchronously load lazily loaded font '../../../Engine/Content/Editor/Slate/Fonts/Roboto-Italic.ttf' (157K)
[2019.01.22-09.44.17:192][294]LogEditorViewport: Clicking on Actor (LMB): StaticMeshActor (SM_Sofa_a_type2)
[2019.01.22-09.44.17:912][357]LogEditorViewport: Clicking on Actor (LMB): StaticMeshActor (SM_Sofa_b_type1)
[2019.01.22-09.44.19:046][460]LogSlate: Took 0.000165 seconds to synchronously load lazily loaded font '../../../Engine/Content/Slate/Fonts/Roboto-Light.ttf' (159K)
[2019.01.22-09.44.20:102][460]LogRenderer: Reallocating scene render targets to support 1412x892 Format 10 NumSamples 1 (Frame:1).
[2019.01.22-09.44.21:172][528]LogRenderer: Reallocating scene render targets to support 1412x1044 Format 10 NumSamples 1 (Frame:62).
[2019.01.22-09.44.46:137][152]LogEditorViewport: Clicking on Actor (LMB): StaticMeshActor (SM_Sofa_b_type1)
[2019.01.22-09.44.46:933][226]LogContentBrowser: Native class hierarchy updated for 'MaterialEditor' in 0.0006 seconds. Added 1 classes and 0 folders.
[2019.01.22-09.44.58:180][360]LogEditorViewport: Clicking on Actor (LMB): StaticMeshActor (SM_Sofa_b_type1)
[2019.01.22-09.45.14:176][823]LogEditorViewport: Clicking on Actor (LMB): StaticMeshActor (SM_Sofa_b_type1)
[2019.01.22-09.45.14:484][853]LogEditorViewport: Clicking on Actor (LMB): StaticMeshActor (SM_Sofa_b_type2)
[2019.01.22-09.45.16:017][  2]LogEditorViewport: Clicking on Actor (LMB): StaticMeshActor (SM_Sofa_b_type1)
[2019.01.22-09.45.16:555][ 51]LogEditorViewport: Clicking on Actor (LMB): StaticMeshActor (SM_Sofa_b_type2)
[2019.01.22-09.45.22:447][665]LogEditorViewport: Clicking on Actor (LMB): StaticMeshActor (SM_Sofa_a_type1)
[2019.01.22-09.45.28:012][130]LogEditorViewport: Clicking on Actor (LMB): StaticMeshActor (SM_Sofa_b_type1)
[2019.01.22-09.45.28:530][180]LogEditorViewport: Clicking on Actor (LMB): StaticMeshActor (SM_Sofa_b_type2)
[2019.01.22-09.45.29:081][232]LogEditorViewport: Clicking on Actor (LMB): StaticMeshActor (SM_Sofa_a_type2)
[2019.01.22-09.45.29:403][261]LogEditorViewport: Clicking on Actor (LMB): StaticMeshActor (SM_Sofa_a_type3)
[2019.01.22-09.45.29:716][288]LogEditorViewport: Clicking on Actor (LMB): StaticMeshActor (SM_Sofa_b_type2)
[2019.01.22-09.46.23:422][504]Cmd: TRANSACTION UNDO
[2019.01.22-09.46.23:422][504]LogEditorTransaction: Undo Edit UV_tile
[2019.01.22-09.46.23:501][504]LogSlate: Took 0.000198 seconds to synchronously load lazily loaded font '../../../Engine/Content/Slate/Fonts/Roboto-Light.ttf' (159K)
[2019.01.22-09.46.38:398][739]LogLinker: Warning: Can't find file '/Game/Sofas_pack/Textures/Sofa_n/T_Sofa_n_AO'
[2019.01.22-09.46.38:398][739]LogLinker: Warning: Can't find file for asset '/Game/Sofas_pack/Textures/Sofa_n/T_Sofa_n_AO' while loading ../../../../../PROJECT/MarketPlace/Sofas/Sofas-for-MP/Content/Sofas_pack/BP_Sofa.uasset.
[2019.01.22-09.46.38:398][739]LoadErrors: Error: /Game/Sofas_pack/BP_Sofa : Can't find file for asset. /Game/Sofas_pack/Textures/Sofa_n/T_Sofa_n_AO
[2019.01.22-09.46.38:398][739]LogLinker: Warning: Can't find file '/Game/Sofas_pack/Textures/Sofa_n/T_Sofa_n_normal'
[2019.01.22-09.46.38:399][739]LogLinker: Warning: Can't find file for asset '/Game/Sofas_pack/Textures/Sofa_n/T_Sofa_n_normal' while loading ../../../../../PROJECT/MarketPlace/Sofas/Sofas-for-MP/Content/Sofas_pack/BP_Sofa.uasset.
[2019.01.22-09.46.38:399][739]LoadErrors: Error: /Game/Sofas_pack/BP_Sofa : Can't find file for asset. /Game/Sofas_pack/Textures/Sofa_n/T_Sofa_n_normal
[2019.01.22-09.46.38:399][739]LogLinker: Warning: Can't find file '/Game/Sofas_pack/Textures/Sofa_n/T_Sofa_n_seams_mask'
[2019.01.22-09.46.38:399][739]LogLinker: Warning: Can't find file for asset '/Game/Sofas_pack/Textures/Sofa_n/T_Sofa_n_seams_mask' while loading ../../../../../PROJECT/MarketPlace/Sofas/Sofas-for-MP/Content/Sofas_pack/BP_Sofa.uasset.
[2019.01.22-09.46.38:399][739]LoadErrors: Error: /Game/Sofas_pack/BP_Sofa : Can't find file for asset. /Game/Sofas_pack/Textures/Sofa_n/T_Sofa_n_seams_mask
[2019.01.22-09.46.38:410][739]LogLinker: Warning: Can't find file '/Game/Sofas_pack/Textures/Sofa_n/T_Sofa_n_AO'
[2019.01.22-09.46.38:410][739]LogLinker: Warning: Can't find file for asset '/Game/Sofas_pack/Textures/Sofa_n/T_Sofa_n_AO' while loading ../../../../../PROJECT/MarketPlace/Sofas/Sofas-for-MP/Content/Sofas_pack/BP_Sofa.uasset.
[2019.01.22-09.46.38:410][739]LogLinker: Warning: Can't find file '/Game/Sofas_pack/Textures/Sofa_n/T_Sofa_n_normal'
[2019.01.22-09.46.38:410][739]LogLinker: Warning: Can't find file for asset '/Game/Sofas_pack/Textures/Sofa_n/T_Sofa_n_normal' while loading ../../../../../PROJECT/MarketPlace/Sofas/Sofas-for-MP/Content/Sofas_pack/BP_Sofa.uasset.
[2019.01.22-09.46.38:410][739]LogLinker: Warning: Can't find file '/Game/Sofas_pack/Textures/Sofa_n/T_Sofa_n_seams_mask'
[2019.01.22-09.46.38:410][739]LogLinker: Warning: Can't find file for asset '/Game/Sofas_pack/Textures/Sofa_n/T_Sofa_n_seams_mask' while loading ../../../../../PROJECT/MarketPlace/Sofas/Sofas-for-MP/Content/Sofas_pack/BP_Sofa.uasset.
[2019.01.22-09.46.38:421][739]LogLinker: Warning: Can't find file '/Game/Sofas_pack/Textures/Sofa_n/T_Sofa_n_AO'
[2019.01.22-09.46.38:421][739]LogLinker: Warning: Can't find file for asset '/Game/Sofas_pack/Textures/Sofa_n/T_Sofa_n_AO' while loading NULL.
[2019.01.22-09.46.38:422][739]LogLinker: Warning: Can't find file '/Game/Sofas_pack/Textures/Sofa_n/T_Sofa_n_normal'
[2019.01.22-09.46.38:422][739]LogLinker: Warning: Can't find file for asset '/Game/Sofas_pack/Textures/Sofa_n/T_Sofa_n_normal' while loading NULL.
[2019.01.22-09.46.38:422][739]LogLinker: Warning: Can't find file '/Game/Sofas_pack/Textures/Sofa_n/T_Sofa_n_seams_mask'
[2019.01.22-09.46.38:422][739]LogLinker: Warning: Can't find file for asset '/Game/Sofas_pack/Textures/Sofa_n/T_Sofa_n_seams_mask' while loading NULL.
[2019.01.22-09.46.38:422][739]LogLinker: Warning: Can't find file '/Game/Sofas_pack/Textures/Sofa_n/T_Sofa_n_AO'
[2019.01.22-09.46.38:422][739]LogLinker: Warning: Can't find file for asset '/Game/Sofas_pack/Textures/Sofa_n/T_Sofa_n_AO' while loading NULL.
[2019.01.22-09.46.38:422][739]LogLinker: Warning: Can't find file '/Game/Sofas_pack/Textures/Sofa_n/T_Sofa_n_normal'
[2019.01.22-09.46.38:422][739]LogLinker: Warning: Can't find file for asset '/Game/Sofas_pack/Textures/Sofa_n/T_Sofa_n_normal' while loading NULL.
[2019.01.22-09.46.38:422][739]LogLinker: Warning: Can't find file '/Game/Sofas_pack/Textures/Sofa_n/T_Sofa_n_seams_mask'
[2019.01.22-09.46.38:422][739]LogLinker: Warning: Can't find file for asset '/Game/Sofas_pack/Textures/Sofa_n/T_Sofa_n_seams_mask' while loading NULL.
[2019.01.22-09.46.38:423][739]LogLinker: Warning: Can't find file '/Game/Sofas_pack/Textures/Sofa_n/T_Sofa_n_AO'
[2019.01.22-09.46.38:423][739]LoadErrors: Failed to load /Game/Sofas_pack/Textures/Sofa_n/T_Sofa_n_AO.T_Sofa_n_AO Referenced by Default__BP_Sofa_C
[2019.01.22-09.46.38:423][739]LogLinker: Warning: Can't find file for asset '/Game/Sofas_pack/Textures/Sofa_n/T_Sofa_n_AO' while loading NULL.
[2019.01.22-09.46.38:423][739]LogLinker: Warning: Can't find file '/Game/Sofas_pack/Textures/Sofa_n/T_Sofa_n_normal'
[2019.01.22-09.46.38:423][739]LoadErrors: Failed to load /Game/Sofas_pack/Textures/Sofa_n/T_Sofa_n_normal.T_Sofa_n_normal Referenced by Default__BP_Sofa_C
[2019.01.22-09.46.38:423][739]LogLinker: Warning: Can't find file for asset '/Game/Sofas_pack/Textures/Sofa_n/T_Sofa_n_normal' while loading NULL.
[2019.01.22-09.46.38:423][739]LogLinker: Warning: Can't find file '/Game/Sofas_pack/Textures/Sofa_n/T_Sofa_n_seams_mask'
[2019.01.22-09.46.38:423][739]LoadErrors: Failed to load /Game/Sofas_pack/Textures/Sofa_n/T_Sofa_n_seams_mask.T_Sofa_n_seams_mask Referenced by Default__BP_Sofa_C
[2019.01.22-09.46.38:423][739]LogLinker: Warning: Can't find file for asset '/Game/Sofas_pack/Textures/Sofa_n/T_Sofa_n_seams_mask' while loading NULL.
[2019.01.22-09.46.39:942][739]LogTexture: Display: Building textures: T_Knitted_BaseColor (AutoDXT, 2048X2048)
[2019.01.22-09.46.39:942][739]LogTexture: Display: Building textures: T_Sofa_m_normal (BC5, 4096X4096)
[2019.01.22-09.46.39:942][739]LogStaticMesh: Building static mesh SM_Sofa_a...
[2019.01.22-09.46.40:057][739]LogStaticMesh: Built static mesh [0.11s] /Game/Sofas_pack/Static_meshes/SM_Sofa_a.SM_Sofa_a
[2019.01.22-09.46.41:462][739]LogTexture: Display: Building textures: T_Sofa_m_AO (AutoDXT, 4096X4096)
[2019.01.22-09.46.44:506][739]LogTexture: Display: Building textures: T_Sofa_h_AO (AutoDXT, 4096X4096)
[2019.01.22-09.46.45:544][739]LogTexture: Display: Building textures: T_Sofa_b_type2_SM (AutoDXT, 4096X4096)
[2019.01.22-09.46.46:990][739]LogTexture: Display: Building textures: T_Sofa_h_normal (BC5, 4096X4096)
[2019.01.22-09.46.48:217][739]LogTexture: Display: Building textures: T_Sofa_b_type3_SM (AutoDXT, 4096X4096)
[2019.01.22-09.46.49:575][739]LogTexture: Display: Building textures: T_Sofa_h_seams_mask (AutoDXT, 4096X4096)
[2019.01.22-09.46.49:575][739]LogTexture: Display: Building textures: T_Sofa_m_seams_mask (AutoDXT, 4096X4096)
[2019.01.22-09.46.49:664][739]LogJson: Error: Json Value of type 'Object' used as a 'String'.
[2019.01.22-09.46.49:664][739]LogJson: Error: Json Value of type 'Object' used as a 'String'.
[2019.01.22-09.46.49:665][739]LogJson: Error: Json Value of type 'Object' used as a 'String'.
[2019.01.22-09.46.49:665][739]LogJson: Error: Json Value of type 'Object' used as a 'String'.
[2019.01.22-09.46.49:665][739]LogJson: Error: Json Value of type 'Object' used as a 'String'.
[2019.01.22-09.46.49:665][739]LogJson: Error: Json Value of type 'Object' used as a 'String'.
[2019.01.22-09.46.49:665][739]LogJson: Error: Json Value of type 'Object' used as a 'String'.
[2019.01.22-09.46.49:665][739]LogJson: Error: Json Value of type 'Object' used as a 'String'.
[2019.01.22-09.46.49:747][739]LogStaticMesh: Building static mesh SM_Sofa_f...
[2019.01.22-09.46.49:753][739]LogSlate: Took 0.000132 seconds to synchronously load lazily loaded font '../../../Engine/Content/Slate/Fonts/Roboto-Regular.ttf' (155K)
[2019.01.22-09.46.49:777][739]LogTexture: Display: Building textures: T_Fabric_BaseColor (AutoDXT, 2048X2048)
[2019.01.22-09.46.49:867][739]LogStaticMesh: Built static mesh [0.12s] /Game/Sofas_pack/Static_meshes/SM_Sofa_f.SM_Sofa_f
[2019.01.22-09.46.49:885][739]LogStaticMesh: Building static mesh SM_Sofa_g...
[2019.01.22-09.46.50:007][739]LogStaticMesh: Built static mesh [0.12s] /Game/Sofas_pack/Static_meshes/SM_Sofa_g.SM_Sofa_g
[2019.01.22-09.46.50:061][739]LogStaticMesh: Building static mesh SM_Sofa_f_2...
[2019.01.22-09.46.50:128][739]LogStaticMesh: Built static mesh [0.07s] /Game/Sofas_pack/Static_meshes/SM_Sofa_f_2.SM_Sofa_f_2
[2019.01.22-09.46.50:149][739]LogStaticMesh: Building static mesh SM_Sofa_m...
[2019.01.22-09.46.50:286][739]LogStaticMesh: Built static mesh [0.14s] /Game/Sofas_pack/Static_meshes/SM_Sofa_m.SM_Sofa_m
[2019.01.22-09.46.50:323][739]LogMaterial: Missing cached shader map for material MM_cloth, compiling. 
[2019.01.22-09.46.50:427][739]LogTexture: Display: Building textures: T_velvet_a (AutoDXT, 4096X4096)
[2019.01.22-09.46.50:427][739]LogStaticMesh: Building static mesh SM_Sofa_a2...
[2019.01.22-09.46.50:503][739]LogStaticMesh: Built static mesh [0.08s] /Game/Sofas_pack/Static_meshes/SM_Sofa_a2.SM_Sofa_a2
[2019.01.22-09.46.50:519][739]LogStaticMesh: Building static mesh SM_Sofa_e...
[2019.01.22-09.46.50:604][739]LogStaticMesh: Built static mesh [0.09s] /Game/Sofas_pack/Static_meshes/SM_Sofa_e.SM_Sofa_e
[2019.01.22-09.46.50:626][739]LogStaticMesh: Building static mesh SM_Sofa_c...
[2019.01.22-09.46.50:795][739]LogStaticMesh: Built static mesh [0.17s] /Game/Sofas_pack/Static_meshes/SM_Sofa_c.SM_Sofa_c
[2019.01.22-09.47.05:907][739]LogTexture: Display: Building textures: T_Sofa_b_type1_SM (AutoDXT, 4096X4096)
[2019.01.22-09.47.05:907][739]LogTexture: Display: Building textures: T_velvet_b_N (BC5, 4096X4096)
[2019.01.22-09.47.05:907][739]LogTexture: Display: Building textures: T_Knitted_OcclusionRoughnessMetallic (AutoDXT, 2048X2048)
[2019.01.22-09.47.09:425][ 45]LogSavePackage: Save=116.37ms
[2019.01.22-09.47.09:425][ 45]LogSavePackage: Moving '../../../../../PROJECT/MarketPlace/Sofas/Sofas-for-MP/Saved/Studio_Auto194732BF54B6BFB9268F5C7A50A945440.tmp' to '../../../../../PROJECT/MarketPlace/Sofas/Sofas-for-MP/Saved/Autosaves/Game/Sofas_pack/Maps/Studio_Auto1.umap'
[2019.01.22-09.47.09:426][ 45]LogSavePackage: Display: Finished SavePackage ../../../../../PROJECT/MarketPlace/Sofas/Sofas-for-MP/Saved/Autosaves/Game/Sofas_pack/Maps/Studio_Auto1.umap
[2019.01.22-09.47.09:440][ 45]LogFileHelpers: Editor autosave (incl. sublevels) for '/Game/Sofas_pack/Maps/Studio' took 0.332
[2019.01.22-09.47.09:440][ 45]LogFileHelpers: Editor autosave (incl. sublevels) for all levels took 0.332
[2019.01.22-09.47.09:443][ 45]OBJ SavePackage: Generating thumbnails for [1] asset(s) in package [/Game/Sofas_pack/Materials/Fabrick/M_fabrick_a] ([1] browsable assets)...
[2019.01.22-09.47.09:458][ 45]OBJ SavePackage:     Rendered thumbnail for [MaterialInstanceConstant /Game/Sofas_pack/Materials/Fabrick/M_fabrick_a.M_fabrick_a]
[2019.01.22-09.47.09:458][ 45]OBJ SavePackage: Finished generating thumbnails for package [/Game/Sofas_pack/Materials/Fabrick/M_fabrick_a]
[2019.01.22-09.47.09:490][ 45]LogSavePackage: Save=24.55ms
[2019.01.22-09.47.09:490][ 45]LogSavePackage: Moving '../../../../../PROJECT/MarketPlace/Sofas/Sofas-for-MP/Saved/M_fabrick_a_Auto187CD38914C634069804FF8B378CD4F47.tmp' to '../../../../../PROJECT/MarketPlace/Sofas/Sofas-for-MP/Saved/Autosaves/Game/Sofas_pack/Materials/Fabrick/M_fabrick_a_Auto1.uasset'
[2019.01.22-09.47.09:490][ 45]LogSavePackage: Display: Finished SavePackage ../../../../../PROJECT/MarketPlace/Sofas/Sofas-for-MP/Saved/Autosaves/Game/Sofas_pack/Materials/Fabrick/M_fabrick_a_Auto1.uasset
[2019.01.22-09.47.09:491][ 45]OBJ SavePackage: Generating thumbnails for [1] asset(s) in package [/Game/Sofas_pack/Materials/Fabrick/M_fabrick_b] ([1] browsable assets)...
[2019.01.22-09.47.09:503][ 45]OBJ SavePackage:     Rendered thumbnail for [MaterialInstanceConstant /Game/Sofas_pack/Materials/Fabrick/M_fabrick_b.M_fabrick_b]
[2019.01.22-09.47.09:503][ 45]OBJ SavePackage: Finished generating thumbnails for package [/Game/Sofas_pack/Materials/Fabrick/M_fabrick_b]
[2019.01.22-09.47.09:548][ 45]LogMaterial: Missing cached shader map for material FDebugViewModeMaterialProxy M_fabrick_b, compiling. 
[2019.01.22-09.47.09:777][ 45]TextureStreamingBuild: Display: Compiling optional shaders took 0.246 seconds.
[2019.01.22-09.47.09:834][ 45]LogSavePackage: Save=16.77ms
[2019.01.22-09.47.09:834][ 45]LogSavePackage: Moving '../../../../../PROJECT/MarketPlace/Sofas/Sofas-for-MP/Saved/M_fabrick_b_Auto171F428B5462E5616E17638B72D6BA965.tmp' to '../../../../../PROJECT/MarketPlace/Sofas/Sofas-for-MP/Saved/Autosaves/Game/Sofas_pack/Materials/Fabrick/M_fabrick_b_Auto1.uasset'
[2019.01.22-09.47.09:835][ 45]LogSavePackage: Display: Finished SavePackage ../../../../../PROJECT/MarketPlace/Sofas/Sofas-for-MP/Saved/Autosaves/Game/Sofas_pack/Materials/Fabrick/M_fabrick_b_Auto1.uasset
[2019.01.22-09.47.09:835][ 45]OBJ SavePackage: Generating thumbnails for [1] asset(s) in package [/Game/Sofas_pack/Materials/Fabrick/M_fabrick_b3] ([1] browsable assets)...
[2019.01.22-09.47.09:847][ 45]OBJ SavePackage:     Rendered thumbnail for [MaterialInstanceConstant /Game/Sofas_pack/Materials/Fabrick/M_fabrick_b3.M_fabrick_b3]
[2019.01.22-09.47.09:847][ 45]OBJ SavePackage: Finished generating thumbnails for package [/Game/Sofas_pack/Materials/Fabrick/M_fabrick_b3]
[2019.01.22-09.47.09:860][ 45]LogMaterial: Missing cached shader map for material FDebugViewModeMaterialProxy M_fabrick_b3, compiling. 
[2019.01.22-09.47.10:107][ 45]TextureStreamingBuild: Display: Compiling optional shaders took 0.250 seconds.
[2019.01.22-09.47.10:137][ 45]LogSavePackage: Save=15.62ms
[2019.01.22-09.47.10:137][ 45]LogSavePackage: Moving '../../../../../PROJECT/MarketPlace/Sofas/Sofas-for-MP/Saved/M_fabrick_b3_Auto16C1D6BA3475B6BBE95114FA4A92B23FE.tmp' to '../../../../../PROJECT/MarketPlace/Sofas/Sofas-for-MP/Saved/Autosaves/Game/Sofas_pack/Materials/Fabrick/M_fabrick_b3_Auto1.uasset'
[2019.01.22-09.47.10:138][ 45]LogSavePackage: Display: Finished SavePackage ../../../../../PROJECT/MarketPlace/Sofas/Sofas-for-MP/Saved/Autosaves/Game/Sofas_pack/Materials/Fabrick/M_fabrick_b3_Auto1.uasset
[2019.01.22-09.47.10:138][ 45]OBJ SavePackage: Generating thumbnails for [1] asset(s) in package [/Game/Sofas_pack/Materials/Fabrick/M_fabrick_c] ([1] browsable assets)...
[2019.01.22-09.47.10:150][ 45]OBJ SavePackage:     Rendered thumbnail for [MaterialInstanceConstant /Game/Sofas_pack/Materials/Fabrick/M_fabrick_c.M_fabrick_c]
[2019.01.22-09.47.10:150][ 45]OBJ SavePackage: Finished generating thumbnails for package [/Game/Sofas_pack/Materials/Fabrick/M_fabrick_c]
[2019.01.22-09.47.10:163][ 45]LogMaterial: Missing cached shader map for material FDebugViewModeMaterialProxy M_fabrick_c, compiling. 
[2019.01.22-09.47.10:401][ 45]TextureStreamingBuild: Display: Compiling optional shaders took 0.241 seconds.
[2019.01.22-09.47.10:431][ 45]LogSavePackage: Save=15.84ms
[2019.01.22-09.47.10:431][ 45]LogSavePackage: Moving '../../../../../PROJECT/MarketPlace/Sofas/Sofas-for-MP/Saved/M_fabrick_c_Auto1A1A3374541C8D02EF0A6E88B0A6E6CB7.tmp' to '../../../../../PROJECT/MarketPlace/Sofas/Sofas-for-MP/Saved/Autosaves/Game/Sofas_pack/Materials/Fabrick/M_fabrick_c_Auto1.uasset'
[2019.01.22-09.47.10:431][ 45]LogSavePackage: Display: Finished SavePackage ../../../../../PROJECT/MarketPlace/Sofas/Sofas-for-MP/Saved/Autosaves/Game/Sofas_pack/Materials/Fabrick/M_fabrick_c_Auto1.uasset
[2019.01.22-09.47.10:432][ 45]OBJ SavePackage: Generating thumbnails for [1] asset(s) in package [/Game/Sofas_pack/Materials/Fabrick/M_fabrick_c1] ([1] browsable assets)...
[2019.01.22-09.47.10:443][ 45]OBJ SavePackage:     Rendered thumbnail for [MaterialInstanceConstant /Game/Sofas_pack/Materials/Fabrick/M_fabrick_c1.M_fabrick_c1]
[2019.01.22-09.47.10:444][ 45]OBJ SavePackage: Finished generating thumbnails for package [/Game/Sofas_pack/Materials/Fabrick/M_fabrick_c1]
[2019.01.22-09.47.10:466][ 45]LogSavePackage: Save=16.12ms
[2019.01.22-09.47.10:466][ 45]LogSavePackage: Moving '../../../../../PROJECT/MarketPlace/Sofas/Sofas-for-MP/Saved/M_fabrick_c1_Auto194938AA34A8CA298DBFA34989C203D8F.tmp' to '../../../../../PROJECT/MarketPlace/Sofas/Sofas-for-MP/Saved/Autosaves/Game/Sofas_pack/Materials/Fabrick/M_fabrick_c1_Auto1.uasset'
[2019.01.22-09.47.10:467][ 45]LogSavePackage: Display: Finished SavePackage ../../../../../PROJECT/MarketPlace/Sofas/Sofas-for-MP/Saved/Autosaves/Game/Sofas_pack/Materials/Fabrick/M_fabrick_c1_Auto1.uasset
[2019.01.22-09.47.10:467][ 45]OBJ SavePackage: Generating thumbnails for [1] asset(s) in package [/Game/Sofas_pack/Materials/Fabrick/M_fabrick] ([1] browsable assets)...
[2019.01.22-09.47.10:479][ 45]OBJ SavePackage:     Rendered thumbnail for [MaterialInstanceConstant /Game/Sofas_pack/Materials/Fabrick/M_fabrick.M_fabrick]
[2019.01.22-09.47.10:479][ 45]OBJ SavePackage: Finished generating thumbnails for package [/Game/Sofas_pack/Materials/Fabrick/M_fabrick]
[2019.01.22-09.47.10:503][ 45]LogSavePackage: Save=16.65ms
[2019.01.22-09.47.10:503][ 45]LogSavePackage: Moving '../../../../../PROJECT/MarketPlace/Sofas/Sofas-for-MP/Saved/M_fabrick_Auto1D84955984D4906C0277458B6A939C52E.tmp' to '../../../../../PROJECT/MarketPlace/Sofas/Sofas-for-MP/Saved/Autosaves/Game/Sofas_pack/Materials/Fabrick/M_fabrick_Auto1.uasset'
[2019.01.22-09.47.10:503][ 45]LogSavePackage: Display: Finished SavePackage ../../../../../PROJECT/MarketPlace/Sofas/Sofas-for-MP/Saved/Autosaves/Game/Sofas_pack/Materials/Fabrick/M_fabrick_Auto1.uasset
[2019.01.22-09.47.10:503][ 45]LogFileHelpers: Auto-saving content packages took 1.061
[2019.01.22-09.47.43:643][497]LogEditorViewport: Clicking on Actor (LMB): BP_Sofa_C (BP_Sofa)
[2019.01.22-09.48.45:353][281]LogEditorViewport: Clicking on Actor (LMB): StaticMeshActor (SM_Sofa_b_type1)
[2019.01.22-09.48.46:497][403]LogEditorViewport: Clicking on Actor (LMB): StaticMeshActor (SM_Sofa_b_type2)
[2019.01.22-09.48.46:541][403]LogEditorViewport: Clicking on Component (LMB): StaticMeshComponent (StaticMeshComponent0)
[2019.01.22-09.48.47:150][465]LogEditorViewport: Clicking on Actor (LMB): StaticMeshActor (SM_Sofa_b_type3)
[2019.01.22-09.48.47:607][509]LogEditorViewport: Clicking on Actor (LMB): StaticMeshActor (SM_Sofa_b_type1)
[2019.01.22-09.48.48:045][551]LogEditorViewport: Clicking on Actor (LMB): StaticMeshActor (SM_Sofa_b_type2)
[2019.01.22-09.48.48:522][598]LogEditorViewport: Clicking on Actor (LMB): StaticMeshActor (SM_Sofa_b_type1)
[2019.01.22-09.49.03:055][881]LogEditorViewport: Clicking on Actor (LMB): BP_Sofa_C (BP_Sofa)
[2019.01.22-09.49.03:317][905]LogEditorViewport: Clicking on Actor (LMB): StaticMeshActor (SM_Sofa_b_type1)
[2019.01.22-09.49.09:887][456]LogContentBrowser: Native class hierarchy updated for 'TextureEditor' in 0.0006 seconds. Added 1 classes and 2 folders.
[2019.01.22-09.49.12:956][787]LogEditorViewport: Clicking on Actor (LMB): BP_Sofa_C (BP_Sofa)
[2019.01.22-09.49.30:305][472]LogEditorViewport: Clicking on Actor (LMB): BP_Sofa_C (BP_Sofa)
[2019.01.22-09.50.05:429][211]Cmd: OBJ SAVEPACKAGE PACKAGE="/Game/Sofas_pack/Maps/Studio" FILE="../../../../../PROJECT/MarketPlace/Sofas/Sofas-for-MP/Content/Sofas_pack/Maps/Studio.umap" SILENT=true AUTOSAVING=false KEEPDIRTY=false
[2019.01.22-09.50.05:513][211]LogSavePackage: Save=71.20ms
[2019.01.22-09.50.05:513][211]LogSavePackage: Moving '../../../../../PROJECT/MarketPlace/Sofas/Sofas-for-MP/Saved/Studio5726F626495142924211398234C2E1EA.tmp' to '../../../../../PROJECT/MarketPlace/Sofas/Sofas-for-MP/Content/Sofas_pack/Maps/Studio.umap'
[2019.01.22-09.50.05:519][211]LogSavePackage: Display: Finished SavePackage ../../../../../PROJECT/MarketPlace/Sofas/Sofas-for-MP/Content/Sofas_pack/Maps/Studio.umap
[2019.01.22-09.50.05:546][211]Cmd: OBJ SAVEPACKAGE PACKAGE="/Game/Sofas_pack/Maps/Studio_BuiltData" FILE="../../../../../PROJECT/MarketPlace/Sofas/Sofas-for-MP/Content/Sofas_pack/Maps/Studio_BuiltData.uasset" SILENT=true
[2019.01.22-09.50.09:526][211]LogSavePackage: Save=2998.71ms
[2019.01.22-09.50.09:527][211]LogSavePackage: Moving '../../../../../PROJECT/MarketPlace/Sofas/Sofas-for-MP/Saved/Studio_BuiltDataC462B7A54F8D79330087109D515E0FB1.tmp' to '../../../../../PROJECT/MarketPlace/Sofas/Sofas-for-MP/Content/Sofas_pack/Maps/Studio_BuiltData.uasset'
[2019.01.22-09.50.09:536][211]LogSavePackage: Display: Finished SavePackage ../../../../../PROJECT/MarketPlace/Sofas/Sofas-for-MP/Content/Sofas_pack/Maps/Studio_BuiltData.uasset
[2019.01.22-09.50.13:321][469]LogEditorViewport: Clicking on Actor (LMB): StaticMeshActor (SM_Sofa_b_type1)
[2019.01.22-09.50.13:658][496]LogEditorViewport: Clicking on Actor (LMB): StaticMeshActor (SM_Sofa_a_type1)
[2019.01.22-09.50.13:893][514]LogEditorViewport: Clicking on Actor (LMB): StaticMeshActor (sphere)
[2019.01.22-09.50.14:704][586]LogEditorViewport: Clicking on Actor (LMB): StaticMeshActor (SM_Sofa_b_type2)
[2019.01.22-09.50.15:143][624]LogEditorViewport: Clicking on Actor (LMB): StaticMeshActor (SM_Sofa_b_type3)
[2019.01.22-09.50.15:517][656]LogEditorViewport: Clicking on Actor (LMB): StaticMeshActor (SM_Sofa_b_type1)
[2019.01.22-09.50.15:899][689]LogEditorViewport: Clicking on Actor (LMB): StaticMeshActor (SM_Sofa_b_type2)
[2019.01.22-09.50.16:254][719]LogEditorViewport: Clicking on Actor (LMB): StaticMeshActor (SM_Sofa_b_type3)
[2019.01.22-09.50.38:881][ 14]LogEditorViewport: Clicking on Actor (LMB): StaticMeshActor (SM_Sofa_b_type1)
[2019.01.22-10.00.06:604][218]LogSavePackage: Save=78.96ms
[2019.01.22-10.00.06:604][218]LogSavePackage: Moving '../../../../../PROJECT/MarketPlace/Sofas/Sofas-for-MP/Saved/Studio_Auto26C8F7EE7412251F8D76852B249BB1D8B.tmp' to '../../../../../PROJECT/MarketPlace/Sofas/Sofas-for-MP/Saved/Autosaves/Game/Sofas_pack/Maps/Studio_Auto2.umap'
[2019.01.22-10.00.06:618][218]LogSavePackage: Display: Finished SavePackage ../../../../../PROJECT/MarketPlace/Sofas/Sofas-for-MP/Saved/Autosaves/Game/Sofas_pack/Maps/Studio_Auto2.umap
[2019.01.22-10.00.06:623][218]LogFileHelpers: Editor autosave (incl. sublevels) for '/Game/Sofas_pack/Maps/Studio' took 0.590
[2019.01.22-10.00.06:623][218]LogFileHelpers: Editor autosave (incl. sublevels) for all levels took 0.590
[2019.01.22-10.21.43:805][876]LogWindowsTextInputMethodSystem: Display: IME system now deactivated.
[2019.01.22-10.21.43:805][876]LogWindowsTextInputMethodSystem: Display: IME system now deactivated.
[2019.01.22-10.21.46:354][921]Cmd: OBJ SAVEPACKAGE PACKAGE="/Game/Sofas_pack/Maps/Studio" FILE="../../../../../PROJECT/MarketPlace/Sofas/Sofas-for-MP/Content/Sofas_pack/Maps/Studio.umap" SILENT=true AUTOSAVING=false KEEPDIRTY=false
[2019.01.22-10.21.46:443][921]LogSavePackage: Save=73.07ms
[2019.01.22-10.21.46:443][921]LogSavePackage: Moving '../../../../../PROJECT/MarketPlace/Sofas/Sofas-for-MP/Saved/StudioFB973BC244A819CD74FDDDA1C8B9BD1E.tmp' to '../../../../../PROJECT/MarketPlace/Sofas/Sofas-for-MP/Content/Sofas_pack/Maps/Studio.umap'
[2019.01.22-10.21.46:451][921]LogSavePackage: Display: Finished SavePackage ../../../../../PROJECT/MarketPlace/Sofas/Sofas-for-MP/Content/Sofas_pack/Maps/Studio.umap
[2019.01.22-10.21.46:477][921]LogFileHelpers: Saving map 'Studio' took 0.185
[2019.01.22-10.21.46:483][921]Cmd: OBJ SAVEPACKAGE PACKAGE="/Game/Sofas_pack/Materials/Fabrick/M_fabrick" FILE="../../../../../PROJECT/MarketPlace/Sofas/Sofas-for-MP/Content/Sofas_pack/Materials/Fabrick/M_fabrick.uasset" SILENT=true
[2019.01.22-10.21.46:499][921]LogSavePackage: Save=6.73ms
[2019.01.22-10.21.46:499][921]LogSavePackage: Moving '../../../../../PROJECT/MarketPlace/Sofas/Sofas-for-MP/Saved/M_fabrick19F7E822455117435AB6BDBE7F40B3C1.tmp' to '../../../../../PROJECT/MarketPlace/Sofas/Sofas-for-MP/Content/Sofas_pack/Materials/Fabrick/M_fabrick.uasset'
[2019.01.22-10.21.46:508][921]LogSavePackage: Display: Finished SavePackage ../../../../../PROJECT/MarketPlace/Sofas/Sofas-for-MP/Content/Sofas_pack/Materials/Fabrick/M_fabrick.uasset
[2019.01.22-10.21.46:524][921]LogSavePackage: Save=6.82ms
[2019.01.22-10.21.46:525][921]LogSavePackage: Moving '../../../../../PROJECT/MarketPlace/Sofas/Sofas-for-MP/Saved/M_fabrick_aDDF8DA8749D7916AD9E353A64AD978C6.tmp' to '../../../../../PROJECT/MarketPlace/Sofas/Sofas-for-MP/Content/Sofas_pack/Materials/Fabrick/M_fabrick_a.uasset'
[2019.01.22-10.21.46:625][921]LogSavePackage: Display: Finished SavePackage ../../../../../PROJECT/MarketPlace/Sofas/Sofas-for-MP/Content/Sofas_pack/Materials/Fabrick/M_fabrick_a.uasset
[2019.01.22-10.21.46:642][921]LogSavePackage: Save=6.67ms
[2019.01.22-10.21.46:642][921]LogSavePackage: Moving '../../../../../PROJECT/MarketPlace/Sofas/Sofas-for-MP/Saved/M_fabrick_b84223F044D0AAA20B2AE5FB3C9BAC540.tmp' to '../../../../../PROJECT/MarketPlace/Sofas/Sofas-for-MP/Content/Sofas_pack/Materials/Fabrick/M_fabrick_b.uasset'
[2019.01.22-10.21.46:652][921]LogSavePackage: Display: Finished SavePackage ../../../../../PROJECT/MarketPlace/Sofas/Sofas-for-MP/Content/Sofas_pack/Materials/Fabrick/M_fabrick_b.uasset
[2019.01.22-10.21.46:671][921]LogSavePackage: Save=8.12ms
[2019.01.22-10.21.46:671][921]LogSavePackage: Moving '../../../../../PROJECT/MarketPlace/Sofas/Sofas-for-MP/Saved/M_fabrick_b3B5AB00B64E769953E3A117ADC9961C4F.tmp' to '../../../../../PROJECT/MarketPlace/Sofas/Sofas-for-MP/Content/Sofas_pack/Materials/Fabrick/M_fabrick_b3.uasset'
[2019.01.22-10.21.46:731][921]LogSavePackage: Display: Finished SavePackage ../../../../../PROJECT/MarketPlace/Sofas/Sofas-for-MP/Content/Sofas_pack/Materials/Fabrick/M_fabrick_b3.uasset
[2019.01.22-10.21.46:759][921]LogSavePackage: Save=6.64ms
[2019.01.22-10.21.46:759][921]LogSavePackage: Moving '../../../../../PROJECT/MarketPlace/Sofas/Sofas-for-MP/Saved/M_fabrick_c00B5150F4C9FF8486EAB5CAAA017D795.tmp' to '../../../../../PROJECT/MarketPlace/Sofas/Sofas-for-MP/Content/Sofas_pack/Materials/Fabrick/M_fabrick_c.uasset'
[2019.01.22-10.21.46:764][921]LogSavePackage: Display: Finished SavePackage ../../../../../PROJECT/MarketPlace/Sofas/Sofas-for-MP/Content/Sofas_pack/Materials/Fabrick/M_fabrick_c.uasset
[2019.01.22-10.21.46:781][921]LogSavePackage: Save=7.14ms
[2019.01.22-10.21.46:781][921]LogSavePackage: Moving '../../../../../PROJECT/MarketPlace/Sofas/Sofas-for-MP/Saved/M_fabrick_c1D210B38546C1739EB188C890473CC99E.tmp' to '../../../../../PROJECT/MarketPlace/Sofas/Sofas-for-MP/Content/Sofas_pack/Materials/Fabrick/M_fabrick_c1.uasset'
[2019.01.22-10.21.46:783][921]LogSavePackage: Display: Finished SavePackage ../../../../../PROJECT/MarketPlace/Sofas/Sofas-for-MP/Content/Sofas_pack/Materials/Fabrick/M_fabrick_c1.uasset
[2019.01.22-10.21.47:100][921]LogWindowsTextInputMethodSystem: Display: IME system now deactivated.
[2019.01.22-10.21.47:389][922]Cmd: QUIT_EDITOR
[2019.01.22-10.21.47:648][922]LogExit: Preparing to exit.
[2019.01.22-10.21.48:991][922]LogDirectoryWatcher: A directory notification for 'D:/PROJECT/MarketPlace/Sofas/Sofas-for-MP/Content/' was aborted.
[2019.01.22-10.21.49:015][922]LogExit: Editor shut down
[2019.01.22-10.21.49:026][922]LogExit: Transaction tracking system shut down
[2019.01.22-10.21.49:289][922]LogDirectoryWatcher: A directory notification for '../../../Engine/Content/' was aborted.
[2019.01.22-10.21.49:289][922]LogDirectoryWatcher: A directory notification for '../../../../../PROJECT/MarketPlace/Sofas/Sofas-for-MP/Content/' was aborted.
[2019.01.22-10.21.49:289][922]LogDirectoryWatcher: A directory notification for '../../../Engine/Plugins/2D/Paper2D/Content/' was aborted.
[2019.01.22-10.21.49:289][922]LogDirectoryWatcher: A directory notification for '../../../Engine/Plugins/Runtime/Oculus/OculusVR/Content/' was aborted.
[2019.01.22-10.21.49:289][922]LogDirectoryWatcher: A directory notification for '../../../Engine/Plugins/Runtime/Steam/SteamVR/Content/' was aborted.
[2019.01.22-10.21.49:998][922]LogExit: Object subsystem successfully closed.
[2019.01.22-10.21.50:153][922]LogD3D11RHI: Shutdown
[2019.01.22-10.21.50:178][922]LogD3D11RHI: CleanupD3DDevice
[2019.01.22-10.21.50:185][922]LogD3D11RHI: ~FD3D11DynamicRHI
[2019.01.22-10.21.50:723][922]LogModuleManager: Shutting down and abandoning module TextureEditor (538)
[2019.01.22-10.21.50:724][922]LogModuleManager: Shutting down and abandoning module HierarchicalLODUtilities (536)
[2019.01.22-10.21.50:724][922]LogModuleManager: Shutting down and abandoning module MaterialEditor (534)
[2019.01.22-10.21.50:724][922]LogModuleManager: Shutting down and abandoning module StaticMeshEditor (532)
[2019.01.22-10.21.50:724][922]LogModuleManager: Shutting down and abandoning module HierarchicalLODOutliner (530)
[2019.01.22-10.21.50:724][922]LogModuleManager: Shutting down and abandoning module SceneOutliner (528)
[2019.01.22-10.21.50:724][922]LogModuleManager: Shutting down and abandoning module AddContentDialog (526)
[2019.01.22-10.21.50:724][922]LogDirectoryWatcher: A directory notification for 'D:/Program Files/UE_4.17/FeaturePacks/' was aborted.
[2019.01.22-10.21.50:726][922]LogModuleManager: Shutting down and abandoning module WidgetCarousel (525)
[2019.01.22-10.21.50:726][922]LogModuleManager: Shutting down and abandoning module EditorWidgets (522)
[2019.01.22-10.21.50:726][922]LogModuleManager: Shutting down and abandoning module CollectionManager (520)
[2019.01.22-10.21.50:726][922]LogDirectoryWatcher: A directory notification for 'D:/PROJECT/MarketPlace/Sofas/Sofas-for-MP/Content/Collections/' was aborted.
[2019.01.22-10.21.50:726][922]LogDirectoryWatcher: A directory notification for 'D:/PROJECT/MarketPlace/Sofas/Sofas-for-MP/Content/Developers/EvgeniyNuts/Collections/' was aborted.
[2019.01.22-10.21.50:726][922]LogDirectoryWatcher: A directory notification for 'D:/PROJECT/MarketPlace/Sofas/Sofas-for-MP/Saved/Collections/' was aborted.
[2019.01.22-10.21.50:726][922]LogModuleManager: Shutting down and abandoning module StatsViewer (518)
[2019.01.22-10.21.50:726][922]LogModuleManager: Shutting down and abandoning module FoliageEdit (516)
[2019.01.22-10.21.50:726][922]LogModuleManager: Shutting down and abandoning module LandscapeEditor (514)
[2019.01.22-10.21.50:796][922]LogModuleManager: Shutting down and abandoning module MeshPaintMode (512)
[2019.01.22-10.21.50:796][922]LogModuleManager: Shutting down and abandoning module SceneDepthPickerMode (510)
[2019.01.22-10.21.50:796][922]LogModuleManager: Shutting down and abandoning module ActorPickerMode (508)
[2019.01.22-10.21.50:796][922]LogModuleManager: Shutting down and abandoning module GeometryMode (506)
[2019.01.22-10.21.50:796][922]LogModuleManager: Shutting down and abandoning module TextureAlignMode (504)
[2019.01.22-10.21.50:796][922]LogModuleManager: Shutting down and abandoning module BspMode (502)
[2019.01.22-10.21.50:796][922]LogModuleManager: Shutting down and abandoning module PIEPreviewDeviceProfileSelector (500)
[2019.01.22-10.21.50:796][922]LogModuleManager: Shutting down and abandoning module HardwareSurvey (498)
[2019.01.22-10.21.50:796][922]LogModuleManager: Shutting down and abandoning module SequenceRecorderSections (496)
[2019.01.22-10.21.50:796][922]LogModuleManager: Shutting down and abandoning module AutomationWorker (494)
[2019.01.22-10.21.50:796][922]LogModuleManager: Shutting down and abandoning module MatineeToLevelSequence (492)
[2019.01.22-10.21.50:797][922]LogModuleManager: Shutting down and abandoning module LevelSequenceEditor (490)
[2019.01.22-10.21.50:834][922]LogModuleManager: Shutting down and abandoning module PlacementMode (489)
[2019.01.22-10.21.50:834][922]LogModuleManager: Shutting down and abandoning module WmfMediaFactory (486)
[2019.01.22-10.21.50:834][922]LogModuleManager: Shutting down and abandoning module WmfMediaEditor (484)
[2019.01.22-10.21.50:834][922]LogModuleManager: Shutting down and abandoning module AvfMediaFactory (482)
[2019.01.22-10.21.50:834][922]LogModuleManager: Shutting down and abandoning module AvfMediaEditor (480)
[2019.01.22-10.21.50:834][922]LogModuleManager: Shutting down and abandoning module AndroidMediaFactory (478)
[2019.01.22-10.21.50:834][922]LogModuleManager: Shutting down and abandoning module Media (477)
[2019.01.22-10.21.50:834][922]LogModuleManager: Shutting down and abandoning module AndroidMediaEditor (474)
[2019.01.22-10.21.50:834][922]LogModuleManager: Shutting down and abandoning module CharacterAI (472)
[2019.01.22-10.21.50:834][922]LogModuleManager: Shutting down and abandoning module AudioCapture (470)
[2019.01.22-10.21.50:834][922]LogModuleManager: Shutting down and abandoning module SequenceRecorder (469)
[2019.01.22-10.21.50:834][922]LogModuleManager: Shutting down and abandoning module SmartSnapping (466)
[2019.01.22-10.21.50:834][922]LogModuleManager: Shutting down and abandoning module SessionServices (464)
[2019.01.22-10.21.50:834][922]LogModuleManager: Shutting down and abandoning module ViewportSnapping (462)
[2019.01.22-10.21.50:834][922]LogModuleManager: Shutting down and abandoning module ViewportInteraction (460)
[2019.01.22-10.21.50:834][922]LogModuleManager: Shutting down and abandoning module ClothPainter (458)
[2019.01.22-10.21.50:903][922]LogModuleManager: Shutting down and abandoning module LogVisualizer (456)
[2019.01.22-10.21.50:903][922]LogModuleManager: Shutting down and abandoning module IntroTutorials (454)
[2019.01.22-10.21.50:903][922]LogModuleManager: Shutting down and abandoning module GameProjectGeneration (453)
[2019.01.22-10.21.50:939][922]LogModuleManager: Shutting down and abandoning module IOSPlatformEditor (450)
[2019.01.22-10.21.50:939][922]LogModuleManager: Shutting down and abandoning module HTML5PlatformEditor (448)
[2019.01.22-10.21.50:939][922]LogModuleManager: Shutting down and abandoning module AndroidPlatformEditor (446)
[2019.01.22-10.21.50:939][922]LogModuleManager: Shutting down and abandoning module AndroidDeviceDetection (445)
[2019.01.22-10.21.50:955][922]LogModuleManager: Shutting down and abandoning module WindowsPlatformEditor (442)
[2019.01.22-10.21.50:955][922]LogModuleManager: Shutting down and abandoning module IOSRuntimeSettings (440)
[2019.01.22-10.21.50:955][922]LogModuleManager: Shutting down and abandoning module AndroidRuntimeSettings (438)
[2019.01.22-10.21.50:955][922]LogModuleManager: Shutting down and abandoning module InputBindingEditor (436)
[2019.01.22-10.21.50:978][922]LogModuleManager: Shutting down and abandoning module MergeActors (434)
[2019.01.22-10.21.50:994][922]LogModuleManager: Shutting down and abandoning module SizeMap (432)
[2019.01.22-10.21.50:994][922]LogModuleManager: Shutting down and abandoning module TreeMap (430)
[2019.01.22-10.21.50:996][922]LogModuleManager: Shutting down and abandoning module ReferenceViewer (428)
[2019.01.22-10.21.50:996][922]LogModuleManager: Shutting down and abandoning module LocalizationDashboard (426)
[2019.01.22-10.21.51:007][922]LogModuleManager: Shutting down and abandoning module LocalizationService (425)
[2019.01.22-10.21.51:007][922]LogModuleManager: Shutting down and abandoning module HardwareTargeting (422)
[2019.01.22-10.21.51:007][922]LogModuleManager: Shutting down and abandoning module DeviceProfileEditor (420)
[2019.01.22-10.21.51:007][922]LogModuleManager: Shutting down and abandoning module UndoHistory (418)
[2019.01.22-10.21.51:007][922]LogModuleManager: Shutting down and abandoning module XmlParser (416)
[2019.01.22-10.21.51:007][922]LogModuleManager: Shutting down and abandoning module Blutility (414)
[2019.01.22-10.21.51:007][922]LogModuleManager: Shutting down and abandoning module ProjectSettingsViewer (412)
[2019.01.22-10.21.51:007][922]LogModuleManager: Shutting down and abandoning module ProjectTargetPlatformEditor (411)
[2019.01.22-10.21.51:007][922]LogModuleManager: Shutting down and abandoning module EditorSettingsViewer (408)
[2019.01.22-10.21.51:007][922]LogModuleManager: Shutting down and abandoning module SettingsEditor (406)
[2019.01.22-10.21.51:016][922]LogModuleManager: Shutting down and abandoning module ProjectLauncher (404)
[2019.01.22-10.21.51:029][922]LogModuleManager: Shutting down and abandoning module SessionFrontend (402)
[2019.01.22-10.21.51:029][922]LogModuleManager: Shutting down and abandoning module ProfilerClient (400)
[2019.01.22-10.21.51:043][922]LogModuleManager: Shutting down and abandoning module DeviceManager (398)
[2019.01.22-10.21.51:043][922]LogModuleManager: Shutting down and abandoning module TargetDeviceServices (397)
[2019.01.22-10.21.51:098][922]LogModuleManager: Shutting down and abandoning module AutomationController (394)
[2019.01.22-10.21.51:098][922]LogModuleManager: Shutting down and abandoning module AutomationWindow (392)
[2019.01.22-10.21.51:161][922]LogModuleManager: Shutting down and abandoning module Layers (390)
[2019.01.22-10.21.51:168][922]LogModuleManager: Shutting down and abandoning module ComponentVisualizers (388)
[2019.01.22-10.21.51:168][922]LogModuleManager: Shutting down and abandoning module DetailCustomizations (386)
[2019.01.22-10.21.51:168][922]LogModuleManager: Shutting down and abandoning module PackagesDialog (384)
[2019.01.22-10.21.51:168][922]LogModuleManager: Shutting down and abandoning module Persona (382)
[2019.01.22-10.21.51:219][922]LogModuleManager: Shutting down and abandoning module AdvancedPreviewScene (381)
[2019.01.22-10.21.51:219][922]LogModuleManager: Shutting down and abandoning module AnimGraph (379)
[2019.01.22-10.21.51:219][922]LogModuleManager: Shutting down and abandoning module Kismet (376)
[2019.01.22-10.21.51:219][922]LogModuleManager: Shutting down and abandoning module ClassViewer (374)
[2019.01.22-10.21.51:219][922]LogModuleManager: Shutting down and abandoning module Toolbox (372)
[2019.01.22-10.21.51:219][922]LogModuleManager: Shutting down and abandoning module ModuleUI (370)
[2019.01.22-10.21.51:233][922]LogModuleManager: Shutting down and abandoning module MovieSceneTools (368)
[2019.01.22-10.21.51:273][922]LogModuleManager: Shutting down and abandoning module OutputLog (366)
[2019.01.22-10.21.51:273][922]LogModuleManager: Shutting down and abandoning module GammaUI (364)
[2019.01.22-10.21.51:322][922]LogModuleManager: Shutting down and abandoning module Documentation (362)
[2019.01.22-10.21.51:322][922]LogModuleManager: Shutting down and abandoning module MovieSceneTracks (360)
[2019.01.22-10.21.51:322][922]LogModuleManager: Shutting down and abandoning module MovieScene (358)
[2019.01.22-10.21.51:322][922]LogModuleManager: Shutting down and abandoning module Niagara (356)
[2019.01.22-10.21.51:322][922]LogModuleManager: Shutting down and abandoning module NiagaraEditor (355)
[2019.01.22-10.21.51:353][922]LogModuleManager: Shutting down and abandoning module StreamingPauseRendering (352)
[2019.01.22-10.21.51:353][922]LogModuleManager: Shutting down and abandoning module LauncherPlatform (350)
[2019.01.22-10.21.51:353][922]LogModuleManager: Shutting down and abandoning module AnalyticsET (348)
[2019.01.22-10.21.51:353][922]LogModuleManager: Shutting down and abandoning module PortalServices (346)
[2019.01.22-10.21.51:353][922]LogModuleManager: Shutting down and abandoning module PortalRpc (344)
[2019.01.22-10.21.51:353][922]LogModuleManager: Shutting down and abandoning module MessagingRpc (342)
[2019.01.22-10.21.51:353][922]LogModuleManager: Shutting down and abandoning module AIModule (340)
[2019.01.22-10.21.51:353][922]LogModuleManager: Shutting down and abandoning module GameplayDebugger (339)
[2019.01.22-10.21.51:353][922]LogModuleManager: Shutting down and abandoning module AITestSuite (337)
[2019.01.22-10.21.51:353][922]LogModuleManager: Shutting down and abandoning module ProfilerService (334)
[2019.01.22-10.21.51:398][922]LogModuleManager: Shutting down and abandoning module TaskGraph (332)
[2019.01.22-10.21.51:399][922]LogModuleManager: Shutting down and abandoning module SteamVRController (330)
[2019.01.22-10.21.51:399][922]LogModuleManager: Shutting down and abandoning module ProceduralMeshComponentEditor (328)
[2019.01.22-10.21.51:399][922]LogModuleManager: Shutting down and abandoning module ProceduralMeshComponent (326)
[2019.01.22-10.21.51:399][922]LogModuleManager: Shutting down and abandoning module OculusInput (324)
[2019.01.22-10.21.51:399][922]LogModuleManager: Shutting down and abandoning module MobilePatchingUtils (322)
[2019.01.22-10.21.51:399][922]LogModuleManager: Shutting down and abandoning module CustomMeshComponent (320)
[2019.01.22-10.21.51:399][922]LogModuleManager: Shutting down and abandoning module CableComponent (318)
[2019.01.22-10.21.51:399][922]LogModuleManager: Shutting down and abandoning module ArchVisCharacter (316)
[2019.01.22-10.21.51:399][922]LogModuleManager: Shutting down and abandoning module AndroidPermission (314)
[2019.01.22-10.21.51:399][922]LogModuleManager: Shutting down and abandoning module MediaPlayerEditor (310)
[2019.01.22-10.21.51:421][922]LogModuleManager: Shutting down and abandoning module HTML5Networking (308)
[2019.01.22-10.21.51:421][922]LogModuleManager: Shutting down and abandoning module AlembicImporter (306)
[2019.01.22-10.21.51:465][922]LogModuleManager: Shutting down and abandoning module AlembicLibrary (305)
[2019.01.22-10.21.51:465][922]LogModuleManager: Shutting down and abandoning module GeometryCache (304)
[2019.01.22-10.21.51:465][922]LogModuleManager: Shutting down and abandoning module GeometryCacheEd (303)
[2019.01.22-10.21.51:465][922]LogModuleManager: Shutting down and abandoning module SpeedTreeImporter (298)
[2019.01.22-10.21.51:465][922]LogModuleManager: Shutting down and abandoning module PluginBrowser (296)
[2019.01.22-10.21.51:478][922]LogModuleManager: Shutting down and abandoning module MobileLauncherProfileWizard (294)
[2019.01.22-10.21.51:490][922]LogModuleManager: Shutting down and abandoning module VisualStudioSourceCodeAccess (292)
[2019.01.22-10.21.51:490][922]LogModuleManager: Shutting down and abandoning module DesktopPlatform (291)
[2019.01.22-10.21.51:490][922]LogModuleManager: Shutting down and abandoning module UObjectPlugin (288)
[2019.01.22-10.21.51:490][922]LogModuleManager: Shutting down and abandoning module SubversionSourceControl (286)
[2019.01.22-10.21.51:490][922]LogModuleManager: Shutting down and abandoning module PerforceSourceControl (284)
[2019.01.22-10.21.51:490][922]LogModuleManager: Shutting down and abandoning module GitSourceControl (282)
[2019.01.22-10.21.51:490][922]LogModuleManager: Shutting down and abandoning module SourceControl (281)
[2019.01.22-10.21.51:530][922]LogModuleManager: Shutting down and abandoning module LightPropagationVolumeEditor (278)
[2019.01.22-10.21.51:530][922]LogModuleManager: Shutting down and abandoning module PaperTiledImporter (276)
[2019.01.22-10.21.51:530][922]LogModuleManager: Shutting down and abandoning module PaperSpriteSheetImporter (274)
[2019.01.22-10.21.51:530][922]LogModuleManager: Shutting down and abandoning module Paper2DEditor (272)
[2019.01.22-10.21.51:530][922]LogModuleManager: Shutting down and abandoning module MeshPaint (271)
[2019.01.22-10.21.51:530][922]LogModuleManager: Shutting down and abandoning module LevelEditor (269)
[2019.01.22-10.21.51:531][922]LogModuleManager: Shutting down and abandoning module PixelInspectorModule (268)
[2019.01.22-10.21.51:531][922]LogModuleManager: Shutting down and abandoning module MainFrame (266)
[2019.01.22-10.21.51:531][922]LogModuleManager: Shutting down and abandoning module HotReload (265)
[2019.01.22-10.21.51:532][922]LogModuleManager: Shutting down and abandoning module RuntimePhysXCooking (260)
[2019.01.22-10.21.51:532][922]LogModuleManager: Shutting down and abandoning module PhysXVehiclesEditor (258)
[2019.01.22-10.21.51:532][922]LogModuleManager: Shutting down and abandoning module PhysXVehicles (256)
[2019.01.22-10.21.51:532][922]LogModuleManager: Shutting down and abandoning module OculusEditor (254)
[2019.01.22-10.21.51:532][922]LogModuleManager: Shutting down and abandoning module LocationServicesBPLibrary (252)
[2019.01.22-10.21.51:532][922]LogModuleManager: Shutting down and abandoning module ImmediatePhysicsEditor (250)
[2019.01.22-10.21.51:532][922]LogModuleManager: Shutting down and abandoning module ImmediatePhysics (248)
[2019.01.22-10.21.51:561][922]LogModuleManager: Shutting down and abandoning module UdpMessaging (246)
[2019.01.22-10.21.51:662][922]LogModuleManager: Shutting down and abandoning module TcpMessaging (244)
[2019.01.22-10.21.51:763][922]LogModuleManager: Shutting down and abandoning module GameplayTagsEditor (242)
[2019.01.22-10.21.51:763][922]LogModuleManager: Shutting down and abandoning module FacialAnimationEditor (240)
[2019.01.22-10.21.51:763][922]LogModuleManager: Shutting down and abandoning module FacialAnimation (238)
[2019.01.22-10.21.51:763][922]LogModuleManager: Shutting down and abandoning module AssetManagerEditor (236)
[2019.01.22-10.21.51:763][922]LogModuleManager: Shutting down and abandoning module GraphEditor (235)
[2019.01.22-10.21.51:864][922]LogModuleManager: Shutting down and abandoning module ContentBrowser (233)
[2019.01.22-10.21.51:865][922]LogModuleManager: Shutting down and abandoning module LightPropagationVolumeRuntime (230)
[2019.01.22-10.21.51:865][922]LogModuleManager: Shutting down and abandoning module Paper2D (228)
[2019.01.22-10.21.51:865][922]LogModuleManager: Shutting down and abandoning module WindowsMoviePlayer (226)
[2019.01.22-10.21.51:865][922]LogModuleManager: Shutting down and abandoning module WmfMedia (224)
[2019.01.22-10.21.51:867][922]LogModuleManager: Shutting down and abandoning module PacketHandler (222)
[2019.01.22-10.21.51:867][922]LogModuleManager: Shutting down and abandoning module ClothingSystemEditor (220)
[2019.01.22-10.21.51:867][922]LogModuleManager: Shutting down and abandoning module ClothingSystemRuntime (218)
[2019.01.22-10.21.51:904][922]LogModuleManager: Shutting down and abandoning module Overlay (216)
[2019.01.22-10.21.51:904][922]LogModuleManager: Shutting down and abandoning module OverlayEditor (215)
[2019.01.22-10.21.51:904][922]LogModuleManager: Shutting down and abandoning module MediaAssets (212)
[2019.01.22-10.21.51:904][922]LogModuleManager: Shutting down and abandoning module VREditor (210)
[2019.01.22-10.21.51:950][922]LogModuleManager: Shutting down and abandoning module StringTableEditor (208)
[2019.01.22-10.21.51:950][922]LogModuleManager: Shutting down and abandoning module GameplayTasksEditor (206)
[2019.01.22-10.21.51:950][922]LogModuleManager: Shutting down and abandoning module BehaviorTreeEditor (204)
[2019.01.22-10.21.51:985][922]LogModuleManager: Shutting down and abandoning module FunctionalTesting (202)
[2019.01.22-10.21.51:985][922]LogModuleManager: Shutting down and abandoning module CollisionAnalyzer (200)
[2019.01.22-10.21.51:985][922]LogModuleManager: Shutting down and abandoning module WorkspaceMenuStructure (199)
[2019.01.22-10.21.51:985][922]LogModuleManager: Shutting down and abandoning module UMG (196)
[2019.01.22-10.21.52:033][922]LogModuleManager: Shutting down and abandoning module UMGEditor (195)
[2019.01.22-10.21.52:115][922]LogModuleManager: Shutting down and abandoning module Sequencer (194)
[2019.01.22-10.21.52:132][922]LogModuleManager: Shutting down and abandoning module MessageLog (191)
[2019.01.22-10.21.52:132][922]LogModuleManager: Shutting down and abandoning module SlateReflector (186)
[2019.01.22-10.21.52:201][922]LogModuleManager: Shutting down and abandoning module Slate (184)
[2019.01.22-10.21.52:201][922]LogModuleManager: Shutting down and abandoning module EditorStyle (182)
[2019.01.22-10.21.52:203][922]LogModuleManager: Shutting down and abandoning module MRMesh (180)
[2019.01.22-10.21.52:203][922]LogModuleManager: Shutting down and abandoning module SourceCodeAccess (178)
[2019.01.22-10.21.52:203][922]LogModuleManager: Shutting down and abandoning module HeadMountedDisplay (176)
[2019.01.22-10.21.52:203][922]LogModuleManager: Shutting down and abandoning module XAudio2 (174)
[2019.01.22-10.21.52:203][922]LogModuleManager: Shutting down and abandoning module Networking (172)
[2019.01.22-10.21.52:203][922]LogModuleManager: Shutting down and abandoning module Core (168)
[2019.01.22-10.21.52:203][922]LogModuleManager: Shutting down and abandoning module KismetCompiler (164)
[2019.01.22-10.21.52:203][922]LogModuleManager: Shutting down and abandoning module LevelSequence (162)
[2019.01.22-10.21.52:203][922]LogModuleManager: Shutting down and abandoning module MeshUtilities (160)
[2019.01.22-10.21.52:203][922]LogModuleManager: Shutting down and abandoning module MeshMergeUtilities (159)
[2019.01.22-10.21.52:238][922]LogModuleManager: Shutting down and abandoning module MeshReductionInterface (158)
[2019.01.22-10.21.52:238][922]LogModuleManager: Shutting down and abandoning module SimplygonSwarm (157)
[2019.01.22-10.21.52:272][922]LogModuleManager: Shutting down and abandoning module SimplygonMeshReduction (155)
[2019.01.22-10.21.52:272][922]LogModuleManager: Shutting down and abandoning module QuadricMeshReduction (153)
[2019.01.22-10.21.52:272][922]LogModuleManager: Shutting down and abandoning module MaterialBaking (149)
[2019.01.22-10.21.52:272][922]LogModuleManager: Shutting down and abandoning module DirectoryWatcher (146)
[2019.01.22-10.21.52:273][922]LogModuleManager: Shutting down and abandoning module DerivedDataCache (144)
[2019.01.22-10.21.52:320][922]LogDerivedDataCache: Shutdown
[2019.01.22-10.21.52:320][922]LogModuleManager: Shutting down and abandoning module TargetPlatform (142)
[2019.01.22-10.21.52:320][922]LogModuleManager: Shutting down and abandoning module VulkanShaderFormat (141)
[2019.01.22-10.21.52:320][922]LogModuleManager: Shutting down and abandoning module ShaderFormatVectorVM (139)
[2019.01.22-10.21.52:346][922]LogModuleManager: Shutting down and abandoning module ShaderFormatOpenGL (137)
[2019.01.22-10.21.52:543][922]LogModuleManager: Shutting down and abandoning module ShaderFormatD3D (135)
[2019.01.22-10.21.52:543][922]LogModuleManager: Shutting down and abandoning module MetalShaderFormat (133)
[2019.01.22-10.21.52:573][922]LogModuleManager: Shutting down and abandoning module TextureFormatUncompressed (131)
[2019.01.22-10.21.52:573][922]LogModuleManager: Shutting down and abandoning module TextureFormatPVR (129)
[2019.01.22-10.21.52:573][922]LogModuleManager: Shutting down and abandoning module TextureFormatDXT (127)
[2019.01.22-10.21.52:573][922]LogModuleManager: Shutting down and abandoning module TextureFormatIntelISPCTexComp (125)
[2019.01.22-10.21.52:573][922]LogModuleManager: Shutting down and abandoning module TextureFormatASTC (123)
[2019.01.22-10.21.52:573][922]LogModuleManager: Shutting down and abandoning module ImageWrapper (122)
[2019.01.22-10.21.52:573][922]LogModuleManager: Shutting down and abandoning module TextureFormatAndroid (119)
[2019.01.22-10.21.52:573][922]LogModuleManager: Shutting down and abandoning module AudioFormatOpus (117)
[2019.01.22-10.21.52:573][922]LogModuleManager: Shutting down and abandoning module AudioFormatOgg (115)
[2019.01.22-10.21.52:573][922]LogModuleManager: Shutting down and abandoning module AudioFormatADPCM (113)
[2019.01.22-10.21.52:573][922]LogModuleManager: Shutting down and abandoning module LinuxTargetPlatform (111)
[2019.01.22-10.21.52:573][922]LogModuleManager: Shutting down and abandoning module LinuxServerTargetPlatform (109)
[2019.01.22-10.21.52:573][922]LogModuleManager: Shutting down and abandoning module LinuxNoEditorTargetPlatform (107)
[2019.01.22-10.21.52:573][922]LogModuleManager: Shutting down and abandoning module LinuxClientTargetPlatform (105)
[2019.01.22-10.21.52:573][922]LogModuleManager: Shutting down and abandoning module TVOSTargetPlatform (103)
[2019.01.22-10.21.52:573][922]LogModuleManager: Shutting down and abandoning module Messaging (101)
[2019.01.22-10.21.52:573][922]LogModuleManager: Shutting down and abandoning module IOSTargetPlatform (99)
[2019.01.22-10.21.52:573][922]LogModuleManager: Shutting down and abandoning module HTML5TargetPlatform (97)
[2019.01.22-10.21.52:573][922]LogModuleManager: Shutting down and abandoning module Android_PVRTCTargetPlatform (95)
[2019.01.22-10.21.52:573][922]LogModuleManager: Shutting down and abandoning module Android_MultiTargetPlatform (93)
[2019.01.22-10.21.52:573][922]LogModuleManager: Shutting down and abandoning module Android_ETC2TargetPlatform (91)
[2019.01.22-10.21.52:573][922]LogModuleManager: Shutting down and abandoning module Android_ETC1TargetPlatform (89)
[2019.01.22-10.21.52:573][922]LogModuleManager: Shutting down and abandoning module Android_DXTTargetPlatform (87)
[2019.01.22-10.21.52:573][922]LogModuleManager: Shutting down and abandoning module Android_ATCTargetPlatform (85)
[2019.01.22-10.21.52:573][922]LogModuleManager: Shutting down and abandoning module Android_ASTCTargetPlatform (83)
[2019.01.22-10.21.52:573][922]LogModuleManager: Shutting down and abandoning module AndroidTargetPlatform (81)
[2019.01.22-10.21.52:573][922]LogModuleManager: Shutting down and abandoning module WindowsTargetPlatform (79)
[2019.01.22-10.21.52:573][922]LogModuleManager: Shutting down and abandoning module WindowsServerTargetPlatform (77)
[2019.01.22-10.21.52:573][922]LogModuleManager: Shutting down and abandoning module WindowsNoEditorTargetPlatform (75)
[2019.01.22-10.21.52:573][922]LogModuleManager: Shutting down and abandoning module WindowsClientTargetPlatform (73)
[2019.01.22-10.21.52:574][922]LogModuleManager: Shutting down and abandoning module MacTargetPlatform (71)
[2019.01.22-10.21.52:574][922]LogModuleManager: Shutting down and abandoning module MacServerTargetPlatform (69)
[2019.01.22-10.21.52:574][922]LogModuleManager: Shutting down and abandoning module MacNoEditorTargetPlatform (67)
[2019.01.22-10.21.52:574][922]LogModuleManager: Shutting down and abandoning module MacClientTargetPlatform (65)
[2019.01.22-10.21.52:574][922]LogModuleManager: Shutting down and abandoning module AllDesktopTargetPlatform (63)
[2019.01.22-10.21.52:574][922]LogModuleManager: Shutting down and abandoning module InputCore (60)
[2019.01.22-10.21.52:574][922]LogModuleManager: Shutting down and abandoning module Settings (58)
[2019.01.22-10.21.52:574][922]LogModuleManager: Shutting down and abandoning module PhysXCooking (56)
[2019.01.22-10.21.52:574][922]LogModuleManager: Shutting down and abandoning module SteamVR (54)
[2019.01.22-10.21.52:574][922]LogModuleManager: Shutting down and abandoning module OculusHMD (52)
[2019.01.22-10.21.52:574][922]LogModuleManager: Shutting down and abandoning module ExampleDeviceProfileSelector (50)
[2019.01.22-10.21.52:574][922]LogModuleManager: Shutting down and abandoning module OnlineBlueprintSupport (48)
[2019.01.22-10.21.52:574][922]LogModuleManager: Shutting down and abandoning module OnlineSubsystem (44)
[2019.01.22-10.21.52:574][922]LogOnline: Display: Unloading online subsystem: NULL
[2019.01.22-10.21.52:642][922]LogModuleManager: Shutting down and abandoning module XMPP (43)
[2019.01.22-10.21.52:678][922]LogModuleManager: Shutting down and abandoning module HTTP (41)
[2019.01.22-10.21.52:678][922]LogHttp: Display: Http module shutting down, but needs to wait on 1 outstanding Http requests:
[2019.01.22-10.21.52:678][922]LogHttp: Display: 	verb=[POST] url=[https://datarouter.ol.epicgames.com/datarouter/api/v1/public/data?SessionID=%7B6D0E9B9A-4C1F-B492-2D75-B8BE3F909BDD%7D&AppID=UEEditor.Rocket.Release&AppVersion=4.17.2-3658906%2B%2B%2BUE4%2BRelease-4.17&UserID=81a3a7394cc80e0a54320f92b5754539%7C291238a969c64ec1b264e4bc35f465be%7C72e223f3-5c56-4dd3-8272-a9e858a1b60c&AppEnvironment=datacollector-binary&UploadType=eteventstream] status=Processing
[2019.01.22-10.21.52:694][922]LogModuleManager: Shutting down and abandoning module SSL (40)
[2019.01.22-10.21.52:744][922]LogModuleManager: Shutting down and abandoning module AnimationModifiers (36)
[2019.01.22-10.21.52:777][922]LogModuleManager: Shutting down and abandoning module PropertyEditor (35)
[2019.01.22-10.21.52:777][922]LogModuleManager: Shutting down and abandoning module AudioEditor (32)
[2019.01.22-10.21.52:812][922]LogModuleManager: Shutting down and abandoning module TextureCompressor (30)
[2019.01.22-10.21.52:813][922]LogModuleManager: Shutting down and abandoning module ShaderCore (28)
[2019.01.22-10.21.52:813][922]LogModuleManager: Shutting down and abandoning module Landscape (26)
[2019.01.22-10.21.52:813][922]LogModuleManager: Shutting down and abandoning module SlateRHIRenderer (24)
[2019.01.22-10.21.52:845][922]LogModuleManager: Shutting down and abandoning module OpenGLDrv (22)
[2019.01.22-10.21.52:880][922]LogModuleManager: Shutting down and abandoning module D3D11RHI (20)
[2019.01.22-10.21.52:880][922]LogModuleManager: Shutting down and abandoning module AnimGraphRuntime (18)
[2019.01.22-10.21.52:883][922]LogModuleManager: Shutting down and abandoning module Renderer (16)
[2019.01.22-10.21.52:886][922]LogModuleManager: Shutting down and abandoning module Engine (14)
[2019.01.22-10.21.52:886][922]LogModuleManager: Shutting down and abandoning module CoreUObject (12)
[2019.01.22-10.21.52:886][922]LogModuleManager: Shutting down and abandoning module NetworkFile (10)
[2019.01.22-10.21.52:959][922]LogModuleManager: Shutting down and abandoning module CookedIterativeFile (8)
[2019.01.22-10.21.52:959][922]LogModuleManager: Shutting down and abandoning module StreamingFile (6)
[2019.01.22-10.21.52:979][922]LogModuleManager: Shutting down and abandoning module SandboxFile (4)
[2019.01.22-10.21.52:979][922]LogModuleManager: Shutting down and abandoning module PakFile (2)
[2019.01.22-10.21.52:982][922]LogExit: Exiting.
[2019.01.22-10.21.53:033][922]Log file closed, 01/22/19 12:21:53
